2023-11-18 11:58:45,605 INFO: Контракт 9c0739b828 был принят администраторами
2023-11-18 11:58:45,605 DEBUG: Request: method=post url=https://api.telegram.org/bot6432599280:{TOKEN}/editMessageText params={'text': '#контракт\n\n#тест1 #тест2 #тест3 \n\nСтатус контракта:\n\U0001f634Ожидает своего исполнителя\n\n<b>Тип:</b>\nКонкурс\n\n<b>ТЗ:</b>\nэто - конкурс\n\n<b>Срок выполнения:</b>\n2023-11-21 00:00\n\n<b>Стоимость:</b>\n2500 BMC\n\n', 'chat_id': -1001558266063, 'message_id': 123, 'parse_mode': 'html', 'reply_markup': '{"inline_keyboard": [[{"text": "\\u041f\\u043e\\u0434\\u043f\\u0438\\u0441\\u0430\\u0442\\u044c \\u043a\\u043e\\u043d\\u0442\\u0440\\u0430\\u043a\\u0442", "url": "t.me/monopolycontractbot?start=signkonkurs9c0739b828"}]]}'} files=None
2023-11-18 11:58:45,802 DEBUG: The server returned: 'b'{"ok":true,"result":{"message_id":123,"sender_chat":{"id":-1001558266063,"title":"z4eb4lo DEV.","username":"z4eb4lo_dev","type":"channel"},"chat":{"id":-1001558266063,"title":"z4eb4lo DEV.","username":"z4eb4lo_dev","type":"channel"},"date":1700297927,"edit_date":1700297927,"text":"#\\u043a\\u043e\\u043d\\u0442\\u0440\\u0430\\u043a\\u0442\\n\\n#\\u0442\\u0435\\u0441\\u04421 #\\u0442\\u0435\\u0441\\u04422 #\\u0442\\u0435\\u0441\\u04423 \\n\\n\\u0421\\u0442\\u0430\\u0442\\u0443\\u0441 \\u043a\\u043e\\u043d\\u0442\\u0440\\u0430\\u043a\\u0442\\u0430:\\n\\ud83d\\ude34\\u041e\\u0436\\u0438\\u0434\\u0430\\u0435\\u0442 \\u0441\\u0432\\u043e\\u0435\\u0433\\u043e \\u0438\\u0441\\u043f\\u043e\\u043b\\u043d\\u0438\\u0442\\u0435\\u043b\\u044f\\n\\n\\u0422\\u0438\\u043f:\\n\\u041a\\u043e\\u043d\\u043a\\u0443\\u0440\\u0441\\n\\n\\u0422\\u0417:\\n\\u044d\\u0442\\u043e - \\u043a\\u043e\\u043d\\u043a\\u0443\\u0440\\u0441\\n\\n\\u0421\\u0440\\u043e\\u043a \\u0432\\u044b\\u043f\\u043e\\u043b\\u043d\\u0435\\u043d\\u0438\\u044f:\\n2023-11-21 00:00\\n\\n\\u0421\\u0442\\u043e\\u0438\\u043c\\u043e\\u0441\\u0442\\u044c:\\n2500 BMC","entities":[{"offset":0,"length":9,"type":"hashtag"},{"offset":11,"length":6,"type":"hashtag"},{"offset":18,"length":6,"type":"hashtag"},{"offset":25,"length":6,"type":"hashtag"},{"offset":82,"length":4,"type":"bold"},{"offset":96,"length":3,"type":"bold"},{"offset":115,"length":16,"type":"bold"},{"offset":150,"length":10,"type":"bold"}],"reply_markup":{"inline_keyboard":[[{"text":"\\u041f\\u043e\\u0434\\u043f\\u0438\\u0441\\u0430\\u0442\\u044c \\u043a\\u043e\\u043d\\u0442\\u0440\\u0430\\u043a\\u0442","url":"http://t.me/monopolycontractbot?start=signkonkurs9c0739b828"}]]}}}''
2023-11-18 11:58:46,168 DEBUG: Task complete
2023-11-18 11:59:01,615 DEBUG: The server returned: 'b'{"ok":true,"result":[{"update_id":249918667,\n"message":{"message_id":5110,"from":{"id":487545908,"is_bot":false,"first_name":"\\u1160\\u0437\\u0438\\u0431\\u043b\\u043e","username":"z4eb4lo","language_code":"ru","is_premium":true},"chat":{"id":487545908,"first_name":"\\u1160\\u0437\\u0438\\u0431\\u043b\\u043e","username":"z4eb4lo","type":"private"},"date":1700297943,"text":"/contracts","entities":[{"offset":0,"length":10,"type":"bot_command"}]}}]}''
2023-11-18 11:59:01,615 DEBUG: Received 1 new updates
2023-11-18 11:59:01,615 DEBUG: Task complete
2023-11-18 11:59:01,615 DEBUG: Received task
2023-11-18 11:59:01,616 DEBUG: Received task
2023-11-18 11:59:01,617 DEBUG: Request: method=get url=https://api.telegram.org/bot6432599280:{TOKEN}/getUpdates params={'offset': 249918668, 'timeout': 20, 'long_polling_timeout': 20} files=None
2023-11-18 11:59:01,618 DEBUG: Request: method=post url=https://api.telegram.org/bot6432599280:{TOKEN}/sendMessage params={'chat_id': '487545908', 'text': 'ID контракта: <code>9c0739b828</code>\nИмя контракта: Тестовый контракт 1\n\nID контракта: <code>585536656d</code>\nИмя контракта: Тестовый контракт 2\n\nЧтобы посмотреть контракт, используйте <code>/showcon</code> {ID}\nЧтобы посмотреть лог, используйте   <code>/logcon</code> {ID}', 'reply_markup': '{"inline_keyboard": [[{"text": "\\u041f\\u0440\\u0435\\u0434\\u044b\\u0434\\u0443\\u0449\\u0438\\u0439", "callback_data": "invprev_-1"}, {"text": "1/1", "callback_data": "123"}, {"text": "\\u0421\\u043b\\u0435\\u0434\\u0443\\u044e\\u0449\\u0438\\u0439", "callback_data": "invnext_1"}], [{"text": "\\u041f\\u043e\\u0438\\u0441\\u043a \\u043f\\u043e \\u043d\\u0430\\u0437\\u0432\\u0430\\u043d\\u0438\\u044e", "callback_data": "invsearch_name"}], [{"text": "\\u041f\\u043e\\u0438\\u0441\\u043a \\u043f\\u043e \\u0441\\u043e\\u0434\\u0435\\u0440\\u0436\\u0430\\u043d\\u0438\\u044e \\u043a\\u043e\\u043d\\u0442\\u0440\\u0430\\u043a\\u0442\\u0430", "callback_data": "invsearch_by_message"}]]}', 'parse_mode': 'html'} files=None
2023-11-18 11:59:01,789 DEBUG: The server returned: 'b'{"ok":true,"result":{"message_id":5111,"from":{"id":6432599280,"is_bot":true,"first_name":"Monopoly Bot","username":"monopolycontractbot"},"chat":{"id":487545908,"first_name":"\\u1160\\u0437\\u0438\\u0431\\u043b\\u043e","username":"z4eb4lo","type":"private"},"date":1700297943,"text":"ID \\u043a\\u043e\\u043d\\u0442\\u0440\\u0430\\u043a\\u0442\\u0430: 9c0739b828\\n\\u0418\\u043c\\u044f \\u043a\\u043e\\u043d\\u0442\\u0440\\u0430\\u043a\\u0442\\u0430: \\u0422\\u0435\\u0441\\u0442\\u043e\\u0432\\u044b\\u0439 \\u043a\\u043e\\u043d\\u0442\\u0440\\u0430\\u043a\\u0442 1\\n\\nID \\u043a\\u043e\\u043d\\u0442\\u0440\\u0430\\u043a\\u0442\\u0430: 585536656d\\n\\u0418\\u043c\\u044f \\u043a\\u043e\\u043d\\u0442\\u0440\\u0430\\u043a\\u0442\\u0430: \\u0422\\u0435\\u0441\\u0442\\u043e\\u0432\\u044b\\u0439 \\u043a\\u043e\\u043d\\u0442\\u0440\\u0430\\u043a\\u0442 2\\n\\n\\u0427\\u0442\\u043e\\u0431\\u044b \\u043f\\u043e\\u0441\\u043c\\u043e\\u0442\\u0440\\u0435\\u0442\\u044c \\u043a\\u043e\\u043d\\u0442\\u0440\\u0430\\u043a\\u0442, \\u0438\\u0441\\u043f\\u043e\\u043b\\u044c\\u0437\\u0443\\u0439\\u0442\\u0435 /showcon {ID}\\n\\u0427\\u0442\\u043e\\u0431\\u044b \\u043f\\u043e\\u0441\\u043c\\u043e\\u0442\\u0440\\u0435\\u0442\\u044c \\u043b\\u043e\\u0433, \\u0438\\u0441\\u043f\\u043e\\u043b\\u044c\\u0437\\u0443\\u0439\\u0442\\u0435   /logcon {ID}","entities":[{"offset":14,"length":10,"type":"code"},{"offset":75,"length":10,"type":"code"},{"offset":161,"length":8,"type":"code"},{"offset":211,"length":7,"type":"code"}],"reply_markup":{"inline_keyboard":[[{"text":"\\u041f\\u0440\\u0435\\u0434\\u044b\\u0434\\u0443\\u0449\\u0438\\u0439","callback_data":"invprev_-1"},{"text":"1/1","callback_data":"123"},{"text":"\\u0421\\u043b\\u0435\\u0434\\u0443\\u044e\\u0449\\u0438\\u0439","callback_data":"invnext_1"}],[{"text":"\\u041f\\u043e\\u0438\\u0441\\u043a \\u043f\\u043e \\u043d\\u0430\\u0437\\u0432\\u0430\\u043d\\u0438\\u044e","callback_data":"invsearch_name"}],[{"text":"\\u041f\\u043e\\u0438\\u0441\\u043a \\u043f\\u043e \\u0441\\u043e\\u0434\\u0435\\u0440\\u0436\\u0430\\u043d\\u0438\\u044e \\u043a\\u043e\\u043d\\u0442\\u0440\\u0430\\u043a\\u0442\\u0430","callback_data":"invsearch_by_message"}]]}}}''
2023-11-18 11:59:01,790 DEBUG: Task complete
2023-11-18 11:59:07,021 DEBUG: The server returned: 'b'{"ok":true,"result":[{"update_id":249918668,\n"message":{"message_id":5112,"from":{"id":849106299,"is_bot":false,"first_name":"\\u041c\\u0430\\u0440\\u0438\\u044f","username":"mMearshe","language_code":"ru"},"chat":{"id":849106299,"first_name":"\\u041c\\u0430\\u0440\\u0438\\u044f","username":"mMearshe","type":"private"},"date":1700297948,"text":"/start votecontract_accept_585536656d","entities":[{"offset":0,"length":6,"type":"bot_command"}]}}]}''
2023-11-18 11:59:07,021 DEBUG: Received 1 new updates
2023-11-18 11:59:07,021 DEBUG: Task complete
2023-11-18 11:59:07,021 DEBUG: Received task
2023-11-18 11:59:07,022 DEBUG: Received task
2023-11-18 11:59:07,022 DEBUG: Request: method=get url=https://api.telegram.org/bot6432599280:{TOKEN}/getChat params={'chat_id': 849106299} files=None
2023-11-18 11:59:07,022 DEBUG: Request: method=get url=https://api.telegram.org/bot6432599280:{TOKEN}/getUpdates params={'offset': 249918669, 'timeout': 20, 'long_polling_timeout': 20} files=None
2023-11-18 11:59:07,181 DEBUG: The server returned: 'b'{"ok":true,"result":{"id":849106299,"first_name":"\\u041c\\u0430\\u0440\\u0438\\u044f","username":"mMearshe","type":"private","active_usernames":["mMearshe"],"photo":{"small_file_id":"AQADAgADrKcxG3tVnDIACAIAA3tVnDIABGdul_OFTGXTMwQ","small_file_unique_id":"AQADrKcxG3tVnDIAAQ","big_file_id":"AQADAgADrKcxG3tVnDIACAMAA3tVnDIABGdul_OFTGXTMwQ","big_file_unique_id":"AQADrKcxG3tVnDIB"}}}''
2023-11-18 11:59:07,182 DEBUG: Request: method=post url=https://api.telegram.org/bot6432599280:{TOKEN}/sendPhoto params={'chat_id': 849106299, 'caption': 'Вы успешно проголосовали в контракте №585536656d!'} files={'photo': <_io.BufferedReader name='design/handshake.jpg'>}
2023-11-18 11:59:07,758 DEBUG: The server returned: 'b'{"ok":true,"result":[{"update_id":249918669,\n"message":{"message_id":5113,"from":{"id":849106299,"is_bot":false,"first_name":"\\u041c\\u0430\\u0440\\u0438\\u044f","username":"mMearshe","language_code":"ru"},"chat":{"id":849106299,"first_name":"\\u041c\\u0430\\u0440\\u0438\\u044f","username":"mMearshe","type":"private"},"date":1700297949,"text":"/start votecontract_accept_585536656d","entities":[{"offset":0,"length":6,"type":"bot_command"}]}}]}''
2023-11-18 11:59:07,758 DEBUG: Received 1 new updates
2023-11-18 11:59:07,758 DEBUG: Task complete
2023-11-18 11:59:07,758 DEBUG: Received task
2023-11-18 11:59:07,759 DEBUG: Request: method=get url=https://api.telegram.org/bot6432599280:{TOKEN}/getChat params={'chat_id': 849106299} files=None
2023-11-18 11:59:07,759 DEBUG: Received task
2023-11-18 11:59:07,759 DEBUG: Request: method=get url=https://api.telegram.org/bot6432599280:{TOKEN}/getUpdates params={'offset': 249918670, 'timeout': 20, 'long_polling_timeout': 20} files=None
2023-11-18 11:59:07,840 DEBUG: The server returned: 'b'{"ok":true,"result":{"id":849106299,"first_name":"\\u041c\\u0430\\u0440\\u0438\\u044f","username":"mMearshe","type":"private","active_usernames":["mMearshe"],"photo":{"small_file_id":"AQADAgADrKcxG3tVnDIACAIAA3tVnDIABGdul_OFTGXTMwQ","small_file_unique_id":"AQADrKcxG3tVnDIAAQ","big_file_id":"AQADAgADrKcxG3tVnDIACAMAA3tVnDIABGdul_OFTGXTMwQ","big_file_unique_id":"AQADrKcxG3tVnDIB"}}}''
2023-11-18 11:59:07,840 DEBUG: Request: method=post url=https://api.telegram.org/bot6432599280:{TOKEN}/sendPhoto params={'chat_id': 849106299, 'caption': 'Вы успешно проголосовали в контракте №585536656d!'} files={'photo': <_io.BufferedReader name='design/handshake.jpg'>}
2023-11-18 11:59:07,936 DEBUG: The server returned: 'b'{"ok":true,"result":[{"update_id":249918670,\n"message":{"message_id":5114,"from":{"id":849106299,"is_bot":false,"first_name":"\\u041c\\u0430\\u0440\\u0438\\u044f","username":"mMearshe","language_code":"ru"},"chat":{"id":849106299,"first_name":"\\u041c\\u0430\\u0440\\u0438\\u044f","username":"mMearshe","type":"private"},"date":1700297949,"text":"/start votecontract_accept_585536656d","entities":[{"offset":0,"length":6,"type":"bot_command"}]}}]}''
2023-11-18 11:59:07,936 DEBUG: Received 1 new updates
2023-11-18 11:59:07,936 DEBUG: Task complete
2023-11-18 11:59:07,936 DEBUG: Received task
2023-11-18 11:59:07,937 DEBUG: Request: method=get url=https://api.telegram.org/bot6432599280:{TOKEN}/getUpdates params={'offset': 249918671, 'timeout': 20, 'long_polling_timeout': 20} files=None
2023-11-18 11:59:08,043 DEBUG: The server returned: 'b'{"ok":true,"result":{"message_id":5115,"from":{"id":6432599280,"is_bot":true,"first_name":"Monopoly Bot","username":"monopolycontractbot"},"chat":{"id":849106299,"first_name":"\\u041c\\u0430\\u0440\\u0438\\u044f","username":"mMearshe","type":"private"},"date":1700297949,"photo":[{"file_id":"AgACAgIAAxkDAAIT-2VYfN33ey-7H5wce4qbGXFdRkBxAAIQzjEb1_XASsRZC15BsuLPAQADAgADcwADMwQ","file_unique_id":"AQADEM4xG9f1wEp4","file_size":1143,"width":90,"height":60},{"file_id":"AgACAgIAAxkDAAIT-2VYfN33ey-7H5wce4qbGXFdRkBxAAIQzjEb1_XASsRZC15BsuLPAQADAgADbQADMwQ","file_unique_id":"AQADEM4xG9f1wEpy","file_size":17653,"width":320,"height":213},{"file_id":"AgACAgIAAxkDAAIT-2VYfN33ey-7H5wce4qbGXFdRkBxAAIQzjEb1_XASsRZC15BsuLPAQADAgADeAADMwQ","file_unique_id":"AQADEM4xG9f1wEp9","file_size":50772,"width":800,"height":533},{"file_id":"AgACAgIAAxkDAAIT-2VYfN33ey-7H5wce4qbGXFdRkBxAAIQzjEb1_XASsRZC15BsuLPAQADAgADeQADMwQ","file_unique_id":"AQADEM4xG9f1wEp-","file_size":98296,"width":1280,"height":853},{"file_id":"AgACAgIAAxkDAAIT-2VYfN33ey-7H5wce4qbGXFdRkBxAAIQzjEb1_XASsRZC15BsuLPAQADAgADdwADMwQ","file_unique_id":"AQADEM4xG9f1wEp8","file_size":262843,"width":2560,"height":1707}],"caption":"\\u0412\\u044b \\u0443\\u0441\\u043f\\u0435\\u0448\\u043d\\u043e \\u043f\\u0440\\u043e\\u0433\\u043e\\u043b\\u043e\\u0441\\u043e\\u0432\\u0430\\u043b\\u0438 \\u0432 \\u043a\\u043e\\u043d\\u0442\\u0440\\u0430\\u043a\\u0442\\u0435 \\u2116585536656d!"}}''
2023-11-18 11:59:08,087 DEBUG: The server returned: 'b'{"ok":true,"result":{"message_id":5117,"from":{"id":6432599280,"is_bot":true,"first_name":"Monopoly Bot","username":"monopolycontractbot"},"chat":{"id":849106299,"first_name":"\\u041c\\u0430\\u0440\\u0438\\u044f","username":"mMearshe","type":"private"},"date":1700297949,"photo":[{"file_id":"AgACAgIAAxkDAAIT_WVYfN17Kg-H-F_2fejdAAG6mUBnxAACEM4xG9f1wErEWQteQbLizwEAAwIAA3MAAzME","file_unique_id":"AQADEM4xG9f1wEp4","file_size":1143,"width":90,"height":60},{"file_id":"AgACAgIAAxkDAAIT_WVYfN17Kg-H-F_2fejdAAG6mUBnxAACEM4xG9f1wErEWQteQbLizwEAAwIAA20AAzME","file_unique_id":"AQADEM4xG9f1wEpy","file_size":17653,"width":320,"height":213},{"file_id":"AgACAgIAAxkDAAIT_WVYfN17Kg-H-F_2fejdAAG6mUBnxAACEM4xG9f1wErEWQteQbLizwEAAwIAA3gAAzME","file_unique_id":"AQADEM4xG9f1wEp9","file_size":50772,"width":800,"height":533},{"file_id":"AgACAgIAAxkDAAIT_WVYfN17Kg-H-F_2fejdAAG6mUBnxAACEM4xG9f1wErEWQteQbLizwEAAwIAA3kAAzME","file_unique_id":"AQADEM4xG9f1wEp-","file_size":98296,"width":1280,"height":853},{"file_id":"AgACAgIAAxkDAAIT_WVYfN17Kg-H-F_2fejdAAG6mUBnxAACEM4xG9f1wErEWQteQbLizwEAAwIAA3cAAzME","file_unique_id":"AQADEM4xG9f1wEp8","file_size":262843,"width":2560,"height":1707}],"caption":"\\u0412\\u044b \\u0443\\u0441\\u043f\\u0435\\u0448\\u043d\\u043e \\u043f\\u0440\\u043e\\u0433\\u043e\\u043b\\u043e\\u0441\\u043e\\u0432\\u0430\\u043b\\u0438 \\u0432 \\u043a\\u043e\\u043d\\u0442\\u0440\\u0430\\u043a\\u0442\\u0435 \\u2116585536656d!"}}''
2023-11-18 11:59:08,094 DEBUG: The server returned: 'b'{"ok":true,"result":[{"update_id":249918671,\n"message":{"message_id":5116,"from":{"id":849106299,"is_bot":false,"first_name":"\\u041c\\u0430\\u0440\\u0438\\u044f","username":"mMearshe","language_code":"ru"},"chat":{"id":849106299,"first_name":"\\u041c\\u0430\\u0440\\u0438\\u044f","username":"mMearshe","type":"private"},"date":1700297949,"text":"/start votecontract_accept_585536656d","entities":[{"offset":0,"length":6,"type":"bot_command"}]}}]}''
2023-11-18 11:59:08,094 DEBUG: Received 1 new updates
2023-11-18 11:59:08,095 DEBUG: Task complete
2023-11-18 11:59:08,095 DEBUG: Received task
2023-11-18 11:59:08,095 DEBUG: Request: method=get url=https://api.telegram.org/bot6432599280:{TOKEN}/getUpdates params={'offset': 249918672, 'timeout': 20, 'long_polling_timeout': 20} files=None
2023-11-18 11:59:08,158 DEBUG: ProgrammingError occurred, args=('Recursive use of cursors not allowed.',)
Traceback (most recent call last):
  File "C:\Users\user\AppData\Local\Programs\Python\Python311\Lib\site-packages\telebot\util.py", line 90, in run
    task(*args, **kwargs)
  File "C:\Users\user\AppData\Local\Programs\Python\Python311\Lib\site-packages\telebot\__init__.py", line 6770, in _run_middlewares_and_handler
    result = handler['function'](message)
             ^^^^^^^^^^^^^^^^^^^^^^^^^^^^
  File "D:\pycharmprojects\contractBOT\main.py", line 575, in start
    cursor.execute('UPDATE contract_vote SET votes = ? WHERE contract_id = ?', (votes, contract_id))
sqlite3.ProgrammingError: Recursive use of cursors not allowed.

2023-11-18 11:59:08,158 DEBUG: Received task
2023-11-18 11:59:08,158 INFO: Starting your bot with username: [@monopolycontractbot]
2023-11-18 11:59:08,158 DEBUG: Request: method=get url=https://api.telegram.org/bot6432599280:{TOKEN}/getChat params={'chat_id': 849106299} files=None
2023-11-18 11:59:08,158 INFO: Started polling.
2023-11-18 11:59:08,161 DEBUG: Received task
2023-11-18 11:59:08,161 DEBUG: Request: method=get url=https://api.telegram.org/bot6432599280:{TOKEN}/getUpdates params={'offset': 249918672, 'timeout': 20, 'long_polling_timeout': 20} files=None
2023-11-18 11:59:08,192 DEBUG: The server returned: 'b'{"ok":true,"result":[{"update_id":249918672,\n"message":{"message_id":5118,"from":{"id":849106299,"is_bot":false,"first_name":"\\u041c\\u0430\\u0440\\u0438\\u044f","username":"mMearshe","language_code":"ru"},"chat":{"id":849106299,"first_name":"\\u041c\\u0430\\u0440\\u0438\\u044f","username":"mMearshe","type":"private"},"date":1700297949,"text":"/start votecontract_accept_585536656d","entities":[{"offset":0,"length":6,"type":"bot_command"}]}}]}''
2023-11-18 11:59:08,192 DEBUG: Received 1 new updates
2023-11-18 11:59:08,192 DEBUG: Task complete
2023-11-18 11:59:08,228 DEBUG: Request: method=post url=https://api.telegram.org/bot6432599280:{TOKEN}/sendMessage params={'chat_id': '487545908', 'text': 'Контракт <code>585536656d</code> был принят администраторами! Приступаем к выкладыванию', 'parse_mode': 'html'} files=None
2023-11-18 11:59:08,376 DEBUG: The server returned: 'b'{"ok":true,"result":{"message_id":5119,"from":{"id":6432599280,"is_bot":true,"first_name":"Monopoly Bot","username":"monopolycontractbot"},"chat":{"id":487545908,"first_name":"\\u1160\\u0437\\u0438\\u0431\\u043b\\u043e","username":"z4eb4lo","type":"private"},"date":1700297949,"text":"\\u041a\\u043e\\u043d\\u0442\\u0440\\u0430\\u043a\\u0442 585536656d \\u0431\\u044b\\u043b \\u043f\\u0440\\u0438\\u043d\\u044f\\u0442 \\u0430\\u0434\\u043c\\u0438\\u043d\\u0438\\u0441\\u0442\\u0440\\u0430\\u0442\\u043e\\u0440\\u0430\\u043c\\u0438! \\u041f\\u0440\\u0438\\u0441\\u0442\\u0443\\u043f\\u0430\\u0435\\u043c \\u043a \\u0432\\u044b\\u043a\\u043b\\u0430\\u0434\\u044b\\u0432\\u0430\\u043d\\u0438\\u044e","entities":[{"offset":9,"length":10,"type":"code"}]}}''
2023-11-18 11:59:08,377 DEBUG: Request: method=post url=https://api.telegram.org/bot6432599280:{TOKEN}/sendMessage params={'chat_id': '1262539577', 'text': 'Контракт <code>585536656d</code> был принят администраторами! Приступаем к выкладыванию', 'parse_mode': 'html'} files=None
2023-11-18 11:59:08,443 DEBUG: The server returned: 'b'{"ok":true,"result":{"id":849106299,"first_name":"\\u041c\\u0430\\u0440\\u0438\\u044f","username":"mMearshe","type":"private","active_usernames":["mMearshe"],"photo":{"small_file_id":"AQADAgADrKcxG3tVnDIACAIAA3tVnDIABGdul_OFTGXTMwQ","small_file_unique_id":"AQADrKcxG3tVnDIAAQ","big_file_id":"AQADAgADrKcxG3tVnDIACAMAA3tVnDIABGdul_OFTGXTMwQ","big_file_unique_id":"AQADrKcxG3tVnDIB"}}}''
2023-11-18 11:59:08,444 DEBUG: Request: method=post url=https://api.telegram.org/bot6432599280:{TOKEN}/sendMessage params={'chat_id': '849106299', 'text': 'Вы уже проголосовали в выборе этого контракта'} files=None
2023-11-18 11:59:08,544 DEBUG: The server returned: 'b'{"ok":true,"result":{"message_id":5120,"from":{"id":6432599280,"is_bot":true,"first_name":"Monopoly Bot","username":"monopolycontractbot"},"chat":{"id":1262539577,"first_name":"Mikhanoid","username":"Mikhanoid_skwlkr","type":"private"},"date":1700297950,"text":"\\u041a\\u043e\\u043d\\u0442\\u0440\\u0430\\u043a\\u0442 585536656d \\u0431\\u044b\\u043b \\u043f\\u0440\\u0438\\u043d\\u044f\\u0442 \\u0430\\u0434\\u043c\\u0438\\u043d\\u0438\\u0441\\u0442\\u0440\\u0430\\u0442\\u043e\\u0440\\u0430\\u043c\\u0438! \\u041f\\u0440\\u0438\\u0441\\u0442\\u0443\\u043f\\u0430\\u0435\\u043c \\u043a \\u0432\\u044b\\u043a\\u043b\\u0430\\u0434\\u044b\\u0432\\u0430\\u043d\\u0438\\u044e","entities":[{"offset":9,"length":10,"type":"code"}]}}''
2023-11-18 11:59:08,544 DEBUG: Request: method=post url=https://api.telegram.org/bot6432599280:{TOKEN}/sendMessage params={'chat_id': '849106299', 'text': 'Контракт <code>585536656d</code> был принят администраторами! Приступаем к выкладыванию', 'parse_mode': 'html'} files=None
2023-11-18 11:59:08,631 DEBUG: The server returned: 'b'{"ok":true,"result":{"message_id":5121,"from":{"id":6432599280,"is_bot":true,"first_name":"Monopoly Bot","username":"monopolycontractbot"},"chat":{"id":849106299,"first_name":"\\u041c\\u0430\\u0440\\u0438\\u044f","username":"mMearshe","type":"private"},"date":1700297950,"text":"\\u0412\\u044b \\u0443\\u0436\\u0435 \\u043f\\u0440\\u043e\\u0433\\u043e\\u043b\\u043e\\u0441\\u043e\\u0432\\u0430\\u043b\\u0438 \\u0432 \\u0432\\u044b\\u0431\\u043e\\u0440\\u0435 \\u044d\\u0442\\u043e\\u0433\\u043e \\u043a\\u043e\\u043d\\u0442\\u0440\\u0430\\u043a\\u0442\\u0430"}}''
2023-11-18 11:59:08,631 DEBUG: Task complete
2023-11-18 11:59:08,632 DEBUG: Received task
2023-11-18 11:59:08,632 DEBUG: Request: method=get url=https://api.telegram.org/bot6432599280:{TOKEN}/getChat params={'chat_id': 849106299} files=None
2023-11-18 11:59:08,667 DEBUG: The server returned: 'b'{"ok":true,"result":[{"update_id":249918672,\n"message":{"message_id":5118,"from":{"id":849106299,"is_bot":false,"first_name":"\\u041c\\u0430\\u0440\\u0438\\u044f","username":"mMearshe","language_code":"ru"},"chat":{"id":849106299,"first_name":"\\u041c\\u0430\\u0440\\u0438\\u044f","username":"mMearshe","type":"private"},"date":1700297949,"text":"/start votecontract_accept_585536656d","entities":[{"offset":0,"length":6,"type":"bot_command"}]}}]}''
2023-11-18 11:59:08,667 DEBUG: Received 1 new updates
2023-11-18 11:59:08,667 DEBUG: Task complete
2023-11-18 11:59:08,667 DEBUG: Received task
2023-11-18 11:59:08,668 DEBUG: Request: method=get url=https://api.telegram.org/bot6432599280:{TOKEN}/getUpdates params={'offset': 249918673, 'timeout': 20, 'long_polling_timeout': 20} files=None
2023-11-18 11:59:08,706 DEBUG: The server returned: 'b'{"ok":true,"result":{"id":849106299,"first_name":"\\u041c\\u0430\\u0440\\u0438\\u044f","username":"mMearshe","type":"private","active_usernames":["mMearshe"],"photo":{"small_file_id":"AQADAgADrKcxG3tVnDIACAIAA3tVnDIABGdul_OFTGXTMwQ","small_file_unique_id":"AQADrKcxG3tVnDIAAQ","big_file_id":"AQADAgADrKcxG3tVnDIACAMAA3tVnDIABGdul_OFTGXTMwQ","big_file_unique_id":"AQADrKcxG3tVnDIB"}}}''
2023-11-18 11:59:08,706 DEBUG: Request: method=post url=https://api.telegram.org/bot6432599280:{TOKEN}/sendMessage params={'chat_id': '849106299', 'text': 'Вы уже проголосовали в выборе этого контракта'} files=None
2023-11-18 11:59:08,717 DEBUG: The server returned: 'b'{"ok":true,"result":{"message_id":5122,"from":{"id":6432599280,"is_bot":true,"first_name":"Monopoly Bot","username":"monopolycontractbot"},"chat":{"id":849106299,"first_name":"\\u041c\\u0430\\u0440\\u0438\\u044f","username":"mMearshe","type":"private"},"date":1700297950,"text":"\\u041a\\u043e\\u043d\\u0442\\u0440\\u0430\\u043a\\u0442 585536656d \\u0431\\u044b\\u043b \\u043f\\u0440\\u0438\\u043d\\u044f\\u0442 \\u0430\\u0434\\u043c\\u0438\\u043d\\u0438\\u0441\\u0442\\u0440\\u0430\\u0442\\u043e\\u0440\\u0430\\u043c\\u0438! \\u041f\\u0440\\u0438\\u0441\\u0442\\u0443\\u043f\\u0430\\u0435\\u043c \\u043a \\u0432\\u044b\\u043a\\u043b\\u0430\\u0434\\u044b\\u0432\\u0430\\u043d\\u0438\\u044e","entities":[{"offset":9,"length":10,"type":"code"}]}}''
2023-11-18 11:59:08,717 DEBUG: Request: method=post url=https://api.telegram.org/bot6432599280:{TOKEN}/sendMessage params={'chat_id': '146327272', 'text': 'Контракт <code>585536656d</code> был принят администраторами! Приступаем к выкладыванию', 'parse_mode': 'html'} files=None
2023-11-18 11:59:08,878 DEBUG: The server returned: 'b'{"ok":true,"result":{"message_id":5123,"from":{"id":6432599280,"is_bot":true,"first_name":"Monopoly Bot","username":"monopolycontractbot"},"chat":{"id":849106299,"first_name":"\\u041c\\u0430\\u0440\\u0438\\u044f","username":"mMearshe","type":"private"},"date":1700297950,"text":"\\u0412\\u044b \\u0443\\u0436\\u0435 \\u043f\\u0440\\u043e\\u0433\\u043e\\u043b\\u043e\\u0441\\u043e\\u0432\\u0430\\u043b\\u0438 \\u0432 \\u0432\\u044b\\u0431\\u043e\\u0440\\u0435 \\u044d\\u0442\\u043e\\u0433\\u043e \\u043a\\u043e\\u043d\\u0442\\u0440\\u0430\\u043a\\u0442\\u0430"}}''
2023-11-18 11:59:08,878 DEBUG: Task complete
2023-11-18 11:59:08,878 DEBUG: Received task
2023-11-18 11:59:08,878 DEBUG: Request: method=get url=https://api.telegram.org/bot6432599280:{TOKEN}/getChat params={'chat_id': 849106299} files=None
2023-11-18 11:59:08,902 DEBUG: The server returned: 'b'{"ok":true,"result":{"message_id":5124,"from":{"id":6432599280,"is_bot":true,"first_name":"Monopoly Bot","username":"monopolycontractbot"},"chat":{"id":146327272,"first_name":"Artem","last_name":"Tkachenko","username":"Xipsin","type":"private"},"date":1700297950,"text":"\\u041a\\u043e\\u043d\\u0442\\u0440\\u0430\\u043a\\u0442 585536656d \\u0431\\u044b\\u043b \\u043f\\u0440\\u0438\\u043d\\u044f\\u0442 \\u0430\\u0434\\u043c\\u0438\\u043d\\u0438\\u0441\\u0442\\u0440\\u0430\\u0442\\u043e\\u0440\\u0430\\u043c\\u0438! \\u041f\\u0440\\u0438\\u0441\\u0442\\u0443\\u043f\\u0430\\u0435\\u043c \\u043a \\u0432\\u044b\\u043a\\u043b\\u0430\\u0434\\u044b\\u0432\\u0430\\u043d\\u0438\\u044e","entities":[{"offset":9,"length":10,"type":"code"}]}}''
2023-11-18 11:59:08,902 DEBUG: Request: method=post url=https://api.telegram.org/bot6432599280:{TOKEN}/sendMessage params={'chat_id': '-1001558266063', 'text': '#контракт\n\n#тест4 #тест5 #тест6 \n\nСтатус контракта:\n\U0001f634Ожидает своего исполнителя\n\n<b>Тип:</b>\nОдноразовый\n\n<b>ТЗ:</b>\nэто - одноразовый контракт\n\n<b>Срок выполнения:</b>\n2023-11-19 00:00\n\n<b>Стоимость:</b>\n1000 BMC\n\n<b>Дополнительные условия:</b>\nэто - условия\n\n', 'parse_mode': 'html'} files=None
2023-11-18 11:59:08,961 DEBUG: The server returned: 'b'{"ok":true,"result":{"id":849106299,"first_name":"\\u041c\\u0430\\u0440\\u0438\\u044f","username":"mMearshe","type":"private","active_usernames":["mMearshe"],"photo":{"small_file_id":"AQADAgADrKcxG3tVnDIACAIAA3tVnDIABGdul_OFTGXTMwQ","small_file_unique_id":"AQADrKcxG3tVnDIAAQ","big_file_id":"AQADAgADrKcxG3tVnDIACAMAA3tVnDIABGdul_OFTGXTMwQ","big_file_unique_id":"AQADrKcxG3tVnDIB"}}}''
2023-11-18 11:59:08,961 DEBUG: Request: method=post url=https://api.telegram.org/bot6432599280:{TOKEN}/sendMessage params={'chat_id': '849106299', 'text': 'Вы уже проголосовали в выборе этого контракта'} files=None
2023-11-18 11:59:09,137 DEBUG: The server returned: 'b'{"ok":true,"result":{"message_id":5125,"from":{"id":6432599280,"is_bot":true,"first_name":"Monopoly Bot","username":"monopolycontractbot"},"chat":{"id":849106299,"first_name":"\\u041c\\u0430\\u0440\\u0438\\u044f","username":"mMearshe","type":"private"},"date":1700297950,"text":"\\u0412\\u044b \\u0443\\u0436\\u0435 \\u043f\\u0440\\u043e\\u0433\\u043e\\u043b\\u043e\\u0441\\u043e\\u0432\\u0430\\u043b\\u0438 \\u0432 \\u0432\\u044b\\u0431\\u043e\\u0440\\u0435 \\u044d\\u0442\\u043e\\u0433\\u043e \\u043a\\u043e\\u043d\\u0442\\u0440\\u0430\\u043a\\u0442\\u0430"}}''
2023-11-18 11:59:09,137 DEBUG: Task complete
2023-11-18 11:59:09,137 DEBUG: Received task
2023-11-18 11:59:09,137 DEBUG: Request: method=get url=https://api.telegram.org/bot6432599280:{TOKEN}/getChat params={'chat_id': 849106299} files=None
2023-11-18 11:59:09,139 DEBUG: The server returned: 'b'{"ok":true,"result":{"message_id":124,"sender_chat":{"id":-1001558266063,"title":"z4eb4lo DEV.","username":"z4eb4lo_dev","type":"channel"},"chat":{"id":-1001558266063,"title":"z4eb4lo DEV.","username":"z4eb4lo_dev","type":"channel"},"date":1700297950,"text":"#\\u043a\\u043e\\u043d\\u0442\\u0440\\u0430\\u043a\\u0442\\n\\n#\\u0442\\u0435\\u0441\\u04424 #\\u0442\\u0435\\u0441\\u04425 #\\u0442\\u0435\\u0441\\u04426 \\n\\n\\u0421\\u0442\\u0430\\u0442\\u0443\\u0441 \\u043a\\u043e\\u043d\\u0442\\u0440\\u0430\\u043a\\u0442\\u0430:\\n\\ud83d\\ude34\\u041e\\u0436\\u0438\\u0434\\u0430\\u0435\\u0442 \\u0441\\u0432\\u043e\\u0435\\u0433\\u043e \\u0438\\u0441\\u043f\\u043e\\u043b\\u043d\\u0438\\u0442\\u0435\\u043b\\u044f\\n\\n\\u0422\\u0438\\u043f:\\n\\u041e\\u0434\\u043d\\u043e\\u0440\\u0430\\u0437\\u043e\\u0432\\u044b\\u0439\\n\\n\\u0422\\u0417:\\n\\u044d\\u0442\\u043e - \\u043e\\u0434\\u043d\\u043e\\u0440\\u0430\\u0437\\u043e\\u0432\\u044b\\u0439 \\u043a\\u043e\\u043d\\u0442\\u0440\\u0430\\u043a\\u0442\\n\\n\\u0421\\u0440\\u043e\\u043a \\u0432\\u044b\\u043f\\u043e\\u043b\\u043d\\u0435\\u043d\\u0438\\u044f:\\n2023-11-19 00:00\\n\\n\\u0421\\u0442\\u043e\\u0438\\u043c\\u043e\\u0441\\u0442\\u044c:\\n1000 BMC\\n\\n\\u0414\\u043e\\u043f\\u043e\\u043b\\u043d\\u0438\\u0442\\u0435\\u043b\\u044c\\u043d\\u044b\\u0435 \\u0443\\u0441\\u043b\\u043e\\u0432\\u0438\\u044f:\\n\\u044d\\u0442\\u043e - \\u0443\\u0441\\u043b\\u043e\\u0432\\u0438\\u044f","entities":[{"offset":0,"length":9,"type":"hashtag"},{"offset":11,"length":6,"type":"hashtag"},{"offset":18,"length":6,"type":"hashtag"},{"offset":25,"length":6,"type":"hashtag"},{"offset":82,"length":4,"type":"bold"},{"offset":100,"length":3,"type":"bold"},{"offset":132,"length":16,"type":"bold"},{"offset":167,"length":10,"type":"bold"},{"offset":188,"length":23,"type":"bold"}]}}''
2023-11-18 11:59:09,139 INFO: Контракт 585536656d был принят администраторами
2023-11-18 11:59:09,140 DEBUG: Request: method=post url=https://api.telegram.org/bot6432599280:{TOKEN}/editMessageText params={'text': '#контракт\n\n#тест4 #тест5 #тест6 \n\nСтатус контракта:\n\U0001f634Ожидает своего исполнителя\n\n<b>Тип:</b>\nОдноразовый\n\n<b>ТЗ:</b>\nэто - одноразовый контракт\n\n<b>Срок выполнения:</b>\n2023-11-19 00:00\n\n<b>Стоимость:</b>\n1000 BMC\n\n<b>Дополнительные условия:</b>\nэто - условия\n\n', 'chat_id': -1001558266063, 'message_id': 124, 'parse_mode': 'html', 'reply_markup': '{"inline_keyboard": [[{"text": "\\u041f\\u043e\\u0434\\u043f\\u0438\\u0441\\u0430\\u0442\\u044c \\u043a\\u043e\\u043d\\u0442\\u0440\\u0430\\u043a\\u0442", "url": "t.me/monopolycontractbot?start=signonetime585536656d"}]]}'} files=None
2023-11-18 11:59:09,234 DEBUG: The server returned: 'b'{"ok":true,"result":{"id":849106299,"first_name":"\\u041c\\u0430\\u0440\\u0438\\u044f","username":"mMearshe","type":"private","active_usernames":["mMearshe"],"photo":{"small_file_id":"AQADAgADrKcxG3tVnDIACAIAA3tVnDIABGdul_OFTGXTMwQ","small_file_unique_id":"AQADrKcxG3tVnDIAAQ","big_file_id":"AQADAgADrKcxG3tVnDIACAMAA3tVnDIABGdul_OFTGXTMwQ","big_file_unique_id":"AQADrKcxG3tVnDIB"}}}''
2023-11-18 11:59:09,234 DEBUG: Request: method=post url=https://api.telegram.org/bot6432599280:{TOKEN}/sendMessage params={'chat_id': '849106299', 'text': 'Вы уже проголосовали в выборе этого контракта'} files=None
2023-11-18 11:59:09,330 DEBUG: The server returned: 'b'{"ok":true,"result":{"message_id":124,"sender_chat":{"id":-1001558266063,"title":"z4eb4lo DEV.","username":"z4eb4lo_dev","type":"channel"},"chat":{"id":-1001558266063,"title":"z4eb4lo DEV.","username":"z4eb4lo_dev","type":"channel"},"date":1700297950,"edit_date":1700297950,"text":"#\\u043a\\u043e\\u043d\\u0442\\u0440\\u0430\\u043a\\u0442\\n\\n#\\u0442\\u0435\\u0441\\u04424 #\\u0442\\u0435\\u0441\\u04425 #\\u0442\\u0435\\u0441\\u04426 \\n\\n\\u0421\\u0442\\u0430\\u0442\\u0443\\u0441 \\u043a\\u043e\\u043d\\u0442\\u0440\\u0430\\u043a\\u0442\\u0430:\\n\\ud83d\\ude34\\u041e\\u0436\\u0438\\u0434\\u0430\\u0435\\u0442 \\u0441\\u0432\\u043e\\u0435\\u0433\\u043e \\u0438\\u0441\\u043f\\u043e\\u043b\\u043d\\u0438\\u0442\\u0435\\u043b\\u044f\\n\\n\\u0422\\u0438\\u043f:\\n\\u041e\\u0434\\u043d\\u043e\\u0440\\u0430\\u0437\\u043e\\u0432\\u044b\\u0439\\n\\n\\u0422\\u0417:\\n\\u044d\\u0442\\u043e - \\u043e\\u0434\\u043d\\u043e\\u0440\\u0430\\u0437\\u043e\\u0432\\u044b\\u0439 \\u043a\\u043e\\u043d\\u0442\\u0440\\u0430\\u043a\\u0442\\n\\n\\u0421\\u0440\\u043e\\u043a \\u0432\\u044b\\u043f\\u043e\\u043b\\u043d\\u0435\\u043d\\u0438\\u044f:\\n2023-11-19 00:00\\n\\n\\u0421\\u0442\\u043e\\u0438\\u043c\\u043e\\u0441\\u0442\\u044c:\\n1000 BMC\\n\\n\\u0414\\u043e\\u043f\\u043e\\u043b\\u043d\\u0438\\u0442\\u0435\\u043b\\u044c\\u043d\\u044b\\u0435 \\u0443\\u0441\\u043b\\u043e\\u0432\\u0438\\u044f:\\n\\u044d\\u0442\\u043e - \\u0443\\u0441\\u043b\\u043e\\u0432\\u0438\\u044f","entities":[{"offset":0,"length":9,"type":"hashtag"},{"offset":11,"length":6,"type":"hashtag"},{"offset":18,"length":6,"type":"hashtag"},{"offset":25,"length":6,"type":"hashtag"},{"offset":82,"length":4,"type":"bold"},{"offset":100,"length":3,"type":"bold"},{"offset":132,"length":16,"type":"bold"},{"offset":167,"length":10,"type":"bold"},{"offset":188,"length":23,"type":"bold"}],"reply_markup":{"inline_keyboard":[[{"text":"\\u041f\\u043e\\u0434\\u043f\\u0438\\u0441\\u0430\\u0442\\u044c \\u043a\\u043e\\u043d\\u0442\\u0440\\u0430\\u043a\\u0442","url":"http://t.me/monopolycontractbot?start=signonetime585536656d"}]]}}}''
2023-11-18 11:59:09,393 DEBUG: Task complete
2023-11-18 11:59:09,427 DEBUG: The server returned: 'b'{"ok":true,"result":{"message_id":5126,"from":{"id":6432599280,"is_bot":true,"first_name":"Monopoly Bot","username":"monopolycontractbot"},"chat":{"id":849106299,"first_name":"\\u041c\\u0430\\u0440\\u0438\\u044f","username":"mMearshe","type":"private"},"date":1700297950,"text":"\\u0412\\u044b \\u0443\\u0436\\u0435 \\u043f\\u0440\\u043e\\u0433\\u043e\\u043b\\u043e\\u0441\\u043e\\u0432\\u0430\\u043b\\u0438 \\u0432 \\u0432\\u044b\\u0431\\u043e\\u0440\\u0435 \\u044d\\u0442\\u043e\\u0433\\u043e \\u043a\\u043e\\u043d\\u0442\\u0440\\u0430\\u043a\\u0442\\u0430"}}''
2023-11-18 11:59:09,427 DEBUG: Task complete
2023-11-18 11:59:16,130 DEBUG: The server returned: 'b'{"ok":true,"result":[{"update_id":249918673,\n"message":{"message_id":5127,"from":{"id":849106299,"is_bot":false,"first_name":"\\u041c\\u0430\\u0440\\u0438\\u044f","username":"mMearshe","language_code":"ru"},"chat":{"id":849106299,"first_name":"\\u041c\\u0430\\u0440\\u0438\\u044f","username":"mMearshe","type":"private"},"date":1700297957,"text":"/start votecontract_decline_585536656d","entities":[{"offset":0,"length":6,"type":"bot_command"}]}}]}''
2023-11-18 11:59:16,130 DEBUG: Received 1 new updates
2023-11-18 11:59:16,130 DEBUG: Task complete
2023-11-18 11:59:16,130 DEBUG: Received task
2023-11-18 11:59:16,130 DEBUG: Request: method=get url=https://api.telegram.org/bot6432599280:{TOKEN}/getChat params={'chat_id': 849106299} files=None
2023-11-18 11:59:16,131 DEBUG: Received task
2023-11-18 11:59:16,131 DEBUG: Request: method=get url=https://api.telegram.org/bot6432599280:{TOKEN}/getUpdates params={'offset': 249918674, 'timeout': 20, 'long_polling_timeout': 20} files=None
2023-11-18 11:59:16,219 DEBUG: The server returned: 'b'{"ok":true,"result":[{"update_id":249918674,\n"message":{"message_id":5128,"from":{"id":849106299,"is_bot":false,"first_name":"\\u041c\\u0430\\u0440\\u0438\\u044f","username":"mMearshe","language_code":"ru"},"chat":{"id":849106299,"first_name":"\\u041c\\u0430\\u0440\\u0438\\u044f","username":"mMearshe","type":"private"},"date":1700297957,"text":"/start votecontract_decline_585536656d","entities":[{"offset":0,"length":6,"type":"bot_command"}]}}]}''
2023-11-18 11:59:16,219 DEBUG: Received 1 new updates
2023-11-18 11:59:16,219 DEBUG: Task complete
2023-11-18 11:59:16,219 DEBUG: Received task
2023-11-18 11:59:16,220 DEBUG: Received task
2023-11-18 11:59:16,220 DEBUG: Request: method=get url=https://api.telegram.org/bot6432599280:{TOKEN}/getChat params={'chat_id': 849106299} files=None
2023-11-18 11:59:16,220 DEBUG: Request: method=get url=https://api.telegram.org/bot6432599280:{TOKEN}/getUpdates params={'offset': 249918675, 'timeout': 20, 'long_polling_timeout': 20} files=None
2023-11-18 11:59:16,229 DEBUG: The server returned: 'b'{"ok":true,"result":{"id":849106299,"first_name":"\\u041c\\u0430\\u0440\\u0438\\u044f","username":"mMearshe","type":"private","active_usernames":["mMearshe"],"photo":{"small_file_id":"AQADAgADrKcxG3tVnDIACAIAA3tVnDIABGdul_OFTGXTMwQ","small_file_unique_id":"AQADrKcxG3tVnDIAAQ","big_file_id":"AQADAgADrKcxG3tVnDIACAMAA3tVnDIABGdul_OFTGXTMwQ","big_file_unique_id":"AQADrKcxG3tVnDIB"}}}''
2023-11-18 11:59:16,229 DEBUG: Request: method=post url=https://api.telegram.org/bot6432599280:{TOKEN}/sendMessage params={'chat_id': '849106299', 'text': 'Вы уже проголосовали в выборе этого контракта'} files=None
2023-11-18 11:59:16,298 DEBUG: The server returned: 'b'{"ok":true,"result":{"id":849106299,"first_name":"\\u041c\\u0430\\u0440\\u0438\\u044f","username":"mMearshe","type":"private","active_usernames":["mMearshe"],"photo":{"small_file_id":"AQADAgADrKcxG3tVnDIACAIAA3tVnDIABGdul_OFTGXTMwQ","small_file_unique_id":"AQADrKcxG3tVnDIAAQ","big_file_id":"AQADAgADrKcxG3tVnDIACAMAA3tVnDIABGdul_OFTGXTMwQ","big_file_unique_id":"AQADrKcxG3tVnDIB"}}}''
2023-11-18 11:59:16,299 DEBUG: Request: method=post url=https://api.telegram.org/bot6432599280:{TOKEN}/sendMessage params={'chat_id': '849106299', 'text': 'Вы уже проголосовали в выборе этого контракта'} files=None
2023-11-18 11:59:16,302 DEBUG: The server returned: 'b'{"ok":true,"result":[{"update_id":249918675,\n"message":{"message_id":5129,"from":{"id":849106299,"is_bot":false,"first_name":"\\u041c\\u0430\\u0440\\u0438\\u044f","username":"mMearshe","language_code":"ru"},"chat":{"id":849106299,"first_name":"\\u041c\\u0430\\u0440\\u0438\\u044f","username":"mMearshe","type":"private"},"date":1700297957,"text":"/start votecontract_decline_585536656d","entities":[{"offset":0,"length":6,"type":"bot_command"}]}}]}''
2023-11-18 11:59:16,302 DEBUG: Received 1 new updates
2023-11-18 11:59:16,302 DEBUG: Task complete
2023-11-18 11:59:16,303 DEBUG: Received task
2023-11-18 11:59:16,303 DEBUG: Request: method=get url=https://api.telegram.org/bot6432599280:{TOKEN}/getUpdates params={'offset': 249918676, 'timeout': 20, 'long_polling_timeout': 20} files=None
2023-11-18 11:59:16,336 DEBUG: The server returned: 'b'{"ok":true,"result":{"message_id":5130,"from":{"id":6432599280,"is_bot":true,"first_name":"Monopoly Bot","username":"monopolycontractbot"},"chat":{"id":849106299,"first_name":"\\u041c\\u0430\\u0440\\u0438\\u044f","username":"mMearshe","type":"private"},"date":1700297957,"text":"\\u0412\\u044b \\u0443\\u0436\\u0435 \\u043f\\u0440\\u043e\\u0433\\u043e\\u043b\\u043e\\u0441\\u043e\\u0432\\u0430\\u043b\\u0438 \\u0432 \\u0432\\u044b\\u0431\\u043e\\u0440\\u0435 \\u044d\\u0442\\u043e\\u0433\\u043e \\u043a\\u043e\\u043d\\u0442\\u0440\\u0430\\u043a\\u0442\\u0430"}}''
2023-11-18 11:59:16,336 DEBUG: Task complete
2023-11-18 11:59:16,336 DEBUG: Received task
2023-11-18 11:59:16,336 DEBUG: Request: method=get url=https://api.telegram.org/bot6432599280:{TOKEN}/getChat params={'chat_id': 849106299} files=None
2023-11-18 11:59:16,397 DEBUG: The server returned: 'b'{"ok":true,"result":[{"update_id":249918676,\n"message":{"message_id":5131,"from":{"id":849106299,"is_bot":false,"first_name":"\\u041c\\u0430\\u0440\\u0438\\u044f","username":"mMearshe","language_code":"ru"},"chat":{"id":849106299,"first_name":"\\u041c\\u0430\\u0440\\u0438\\u044f","username":"mMearshe","type":"private"},"date":1700297957,"text":"/start votecontract_decline_585536656d","entities":[{"offset":0,"length":6,"type":"bot_command"}]}}]}''
2023-11-18 11:59:16,398 DEBUG: Received 1 new updates
2023-11-18 11:59:16,398 DEBUG: Task complete
2023-11-18 11:59:16,398 DEBUG: Received task
2023-11-18 11:59:16,399 DEBUG: Request: method=get url=https://api.telegram.org/bot6432599280:{TOKEN}/getUpdates params={'offset': 249918677, 'timeout': 20, 'long_polling_timeout': 20} files=None
2023-11-18 11:59:16,408 DEBUG: The server returned: 'b'{"ok":true,"result":{"message_id":5132,"from":{"id":6432599280,"is_bot":true,"first_name":"Monopoly Bot","username":"monopolycontractbot"},"chat":{"id":849106299,"first_name":"\\u041c\\u0430\\u0440\\u0438\\u044f","username":"mMearshe","type":"private"},"date":1700297957,"text":"\\u0412\\u044b \\u0443\\u0436\\u0435 \\u043f\\u0440\\u043e\\u0433\\u043e\\u043b\\u043e\\u0441\\u043e\\u0432\\u0430\\u043b\\u0438 \\u0432 \\u0432\\u044b\\u0431\\u043e\\u0440\\u0435 \\u044d\\u0442\\u043e\\u0433\\u043e \\u043a\\u043e\\u043d\\u0442\\u0440\\u0430\\u043a\\u0442\\u0430"}}''
2023-11-18 11:59:16,408 DEBUG: Task complete
2023-11-18 11:59:16,409 DEBUG: Received task
2023-11-18 11:59:16,409 DEBUG: Request: method=get url=https://api.telegram.org/bot6432599280:{TOKEN}/getChat params={'chat_id': 849106299} files=None
2023-11-18 11:59:16,414 DEBUG: The server returned: 'b'{"ok":true,"result":{"id":849106299,"first_name":"\\u041c\\u0430\\u0440\\u0438\\u044f","username":"mMearshe","type":"private","active_usernames":["mMearshe"],"photo":{"small_file_id":"AQADAgADrKcxG3tVnDIACAIAA3tVnDIABGdul_OFTGXTMwQ","small_file_unique_id":"AQADrKcxG3tVnDIAAQ","big_file_id":"AQADAgADrKcxG3tVnDIACAMAA3tVnDIABGdul_OFTGXTMwQ","big_file_unique_id":"AQADrKcxG3tVnDIB"}}}''
2023-11-18 11:59:16,415 DEBUG: Request: method=post url=https://api.telegram.org/bot6432599280:{TOKEN}/sendMessage params={'chat_id': '849106299', 'text': 'Вы уже проголосовали в выборе этого контракта'} files=None
2023-11-18 11:59:16,486 DEBUG: The server returned: 'b'{"ok":true,"result":{"id":849106299,"first_name":"\\u041c\\u0430\\u0440\\u0438\\u044f","username":"mMearshe","type":"private","active_usernames":["mMearshe"],"photo":{"small_file_id":"AQADAgADrKcxG3tVnDIACAIAA3tVnDIABGdul_OFTGXTMwQ","small_file_unique_id":"AQADrKcxG3tVnDIAAQ","big_file_id":"AQADAgADrKcxG3tVnDIACAMAA3tVnDIABGdul_OFTGXTMwQ","big_file_unique_id":"AQADrKcxG3tVnDIB"}}}''
2023-11-18 11:59:16,486 DEBUG: Request: method=post url=https://api.telegram.org/bot6432599280:{TOKEN}/sendMessage params={'chat_id': '849106299', 'text': 'Вы уже проголосовали в выборе этого контракта'} files=None
2023-11-18 11:59:16,548 DEBUG: The server returned: 'b'{"ok":true,"result":[{"update_id":249918677,\n"message":{"message_id":5133,"from":{"id":849106299,"is_bot":false,"first_name":"\\u041c\\u0430\\u0440\\u0438\\u044f","username":"mMearshe","language_code":"ru"},"chat":{"id":849106299,"first_name":"\\u041c\\u0430\\u0440\\u0438\\u044f","username":"mMearshe","type":"private"},"date":1700297958,"text":"/start votecontract_decline_585536656d","entities":[{"offset":0,"length":6,"type":"bot_command"}]}}]}''
2023-11-18 11:59:16,548 DEBUG: Received 1 new updates
2023-11-18 11:59:16,548 DEBUG: Task complete
2023-11-18 11:59:16,549 DEBUG: Received task
2023-11-18 11:59:16,549 DEBUG: Request: method=get url=https://api.telegram.org/bot6432599280:{TOKEN}/getUpdates params={'offset': 249918678, 'timeout': 20, 'long_polling_timeout': 20} files=None
2023-11-18 11:59:16,549 DEBUG: The server returned: 'b'{"ok":true,"result":{"message_id":5134,"from":{"id":6432599280,"is_bot":true,"first_name":"Monopoly Bot","username":"monopolycontractbot"},"chat":{"id":849106299,"first_name":"\\u041c\\u0430\\u0440\\u0438\\u044f","username":"mMearshe","type":"private"},"date":1700297958,"text":"\\u0412\\u044b \\u0443\\u0436\\u0435 \\u043f\\u0440\\u043e\\u0433\\u043e\\u043b\\u043e\\u0441\\u043e\\u0432\\u0430\\u043b\\u0438 \\u0432 \\u0432\\u044b\\u0431\\u043e\\u0440\\u0435 \\u044d\\u0442\\u043e\\u0433\\u043e \\u043a\\u043e\\u043d\\u0442\\u0440\\u0430\\u043a\\u0442\\u0430"}}''
2023-11-18 11:59:16,550 DEBUG: Task complete
2023-11-18 11:59:16,550 DEBUG: Received task
2023-11-18 11:59:16,551 DEBUG: Request: method=get url=https://api.telegram.org/bot6432599280:{TOKEN}/getChat params={'chat_id': 849106299} files=None
2023-11-18 11:59:16,624 DEBUG: The server returned: 'b'{"ok":true,"result":{"message_id":5135,"from":{"id":6432599280,"is_bot":true,"first_name":"Monopoly Bot","username":"monopolycontractbot"},"chat":{"id":849106299,"first_name":"\\u041c\\u0430\\u0440\\u0438\\u044f","username":"mMearshe","type":"private"},"date":1700297958,"text":"\\u0412\\u044b \\u0443\\u0436\\u0435 \\u043f\\u0440\\u043e\\u0433\\u043e\\u043b\\u043e\\u0441\\u043e\\u0432\\u0430\\u043b\\u0438 \\u0432 \\u0432\\u044b\\u0431\\u043e\\u0440\\u0435 \\u044d\\u0442\\u043e\\u0433\\u043e \\u043a\\u043e\\u043d\\u0442\\u0440\\u0430\\u043a\\u0442\\u0430"}}''
2023-11-18 11:59:16,624 DEBUG: Task complete
2023-11-18 11:59:16,626 DEBUG: The server returned: 'b'{"ok":true,"result":{"id":849106299,"first_name":"\\u041c\\u0430\\u0440\\u0438\\u044f","username":"mMearshe","type":"private","active_usernames":["mMearshe"],"photo":{"small_file_id":"AQADAgADrKcxG3tVnDIACAIAA3tVnDIABGdul_OFTGXTMwQ","small_file_unique_id":"AQADrKcxG3tVnDIAAQ","big_file_id":"AQADAgADrKcxG3tVnDIACAMAA3tVnDIABGdul_OFTGXTMwQ","big_file_unique_id":"AQADrKcxG3tVnDIB"}}}''
2023-11-18 11:59:16,627 DEBUG: Request: method=post url=https://api.telegram.org/bot6432599280:{TOKEN}/sendMessage params={'chat_id': '849106299', 'text': 'Вы уже проголосовали в выборе этого контракта'} files=None
2023-11-18 11:59:17,122 DEBUG: The server returned: 'b'{"ok":true,"result":{"message_id":5136,"from":{"id":6432599280,"is_bot":true,"first_name":"Monopoly Bot","username":"monopolycontractbot"},"chat":{"id":849106299,"first_name":"\\u041c\\u0430\\u0440\\u0438\\u044f","username":"mMearshe","type":"private"},"date":1700297958,"text":"\\u0412\\u044b \\u0443\\u0436\\u0435 \\u043f\\u0440\\u043e\\u0433\\u043e\\u043b\\u043e\\u0441\\u043e\\u0432\\u0430\\u043b\\u0438 \\u0432 \\u0432\\u044b\\u0431\\u043e\\u0440\\u0435 \\u044d\\u0442\\u043e\\u0433\\u043e \\u043a\\u043e\\u043d\\u0442\\u0440\\u0430\\u043a\\u0442\\u0430"}}''
2023-11-18 11:59:17,122 DEBUG: Task complete
2023-11-18 11:59:19,044 DEBUG: The server returned: 'b'{"ok":true,"result":[{"update_id":249918678,\n"message":{"message_id":5137,"from":{"id":487545908,"is_bot":false,"first_name":"\\u1160\\u0437\\u0438\\u0431\\u043b\\u043e","username":"z4eb4lo","language_code":"ru","is_premium":true},"chat":{"id":487545908,"first_name":"\\u1160\\u0437\\u0438\\u0431\\u043b\\u043e","username":"z4eb4lo","type":"private"},"date":1700297960,"text":"/contracts","entities":[{"offset":0,"length":10,"type":"bot_command"}]}}]}''
2023-11-18 11:59:19,044 DEBUG: Received 1 new updates
2023-11-18 11:59:19,044 DEBUG: Task complete
2023-11-18 11:59:19,044 DEBUG: Received task
2023-11-18 11:59:19,045 DEBUG: Received task
2023-11-18 11:59:19,045 DEBUG: Request: method=get url=https://api.telegram.org/bot6432599280:{TOKEN}/getUpdates params={'offset': 249918679, 'timeout': 20, 'long_polling_timeout': 20} files=None
2023-11-18 11:59:19,046 DEBUG: Request: method=post url=https://api.telegram.org/bot6432599280:{TOKEN}/sendMessage params={'chat_id': '487545908', 'text': 'ID контракта: <code>9c0739b828</code>\nИмя контракта: Тестовый контракт 1\n\nID контракта: <code>585536656d</code>\nИмя контракта: Тестовый контракт 2\n\nЧтобы посмотреть контракт, используйте <code>/showcon</code> {ID}\nЧтобы посмотреть лог, используйте   <code>/logcon</code> {ID}', 'reply_markup': '{"inline_keyboard": [[{"text": "\\u041f\\u0440\\u0435\\u0434\\u044b\\u0434\\u0443\\u0449\\u0438\\u0439", "callback_data": "invprev_-1"}, {"text": "1/1", "callback_data": "123"}, {"text": "\\u0421\\u043b\\u0435\\u0434\\u0443\\u044e\\u0449\\u0438\\u0439", "callback_data": "invnext_1"}], [{"text": "\\u041f\\u043e\\u0438\\u0441\\u043a \\u043f\\u043e \\u043d\\u0430\\u0437\\u0432\\u0430\\u043d\\u0438\\u044e", "callback_data": "invsearch_name"}], [{"text": "\\u041f\\u043e\\u0438\\u0441\\u043a \\u043f\\u043e \\u0441\\u043e\\u0434\\u0435\\u0440\\u0436\\u0430\\u043d\\u0438\\u044e \\u043a\\u043e\\u043d\\u0442\\u0440\\u0430\\u043a\\u0442\\u0430", "callback_data": "invsearch_by_message"}]]}', 'parse_mode': 'html'} files=None
2023-11-18 11:59:19,269 DEBUG: The server returned: 'b'{"ok":true,"result":{"message_id":5138,"from":{"id":6432599280,"is_bot":true,"first_name":"Monopoly Bot","username":"monopolycontractbot"},"chat":{"id":487545908,"first_name":"\\u1160\\u0437\\u0438\\u0431\\u043b\\u043e","username":"z4eb4lo","type":"private"},"date":1700297960,"text":"ID \\u043a\\u043e\\u043d\\u0442\\u0440\\u0430\\u043a\\u0442\\u0430: 9c0739b828\\n\\u0418\\u043c\\u044f \\u043a\\u043e\\u043d\\u0442\\u0440\\u0430\\u043a\\u0442\\u0430: \\u0422\\u0435\\u0441\\u0442\\u043e\\u0432\\u044b\\u0439 \\u043a\\u043e\\u043d\\u0442\\u0440\\u0430\\u043a\\u0442 1\\n\\nID \\u043a\\u043e\\u043d\\u0442\\u0440\\u0430\\u043a\\u0442\\u0430: 585536656d\\n\\u0418\\u043c\\u044f \\u043a\\u043e\\u043d\\u0442\\u0440\\u0430\\u043a\\u0442\\u0430: \\u0422\\u0435\\u0441\\u0442\\u043e\\u0432\\u044b\\u0439 \\u043a\\u043e\\u043d\\u0442\\u0440\\u0430\\u043a\\u0442 2\\n\\n\\u0427\\u0442\\u043e\\u0431\\u044b \\u043f\\u043e\\u0441\\u043c\\u043e\\u0442\\u0440\\u0435\\u0442\\u044c \\u043a\\u043e\\u043d\\u0442\\u0440\\u0430\\u043a\\u0442, \\u0438\\u0441\\u043f\\u043e\\u043b\\u044c\\u0437\\u0443\\u0439\\u0442\\u0435 /showcon {ID}\\n\\u0427\\u0442\\u043e\\u0431\\u044b \\u043f\\u043e\\u0441\\u043c\\u043e\\u0442\\u0440\\u0435\\u0442\\u044c \\u043b\\u043e\\u0433, \\u0438\\u0441\\u043f\\u043e\\u043b\\u044c\\u0437\\u0443\\u0439\\u0442\\u0435   /logcon {ID}","entities":[{"offset":14,"length":10,"type":"code"},{"offset":75,"length":10,"type":"code"},{"offset":161,"length":8,"type":"code"},{"offset":211,"length":7,"type":"code"}],"reply_markup":{"inline_keyboard":[[{"text":"\\u041f\\u0440\\u0435\\u0434\\u044b\\u0434\\u0443\\u0449\\u0438\\u0439","callback_data":"invprev_-1"},{"text":"1/1","callback_data":"123"},{"text":"\\u0421\\u043b\\u0435\\u0434\\u0443\\u044e\\u0449\\u0438\\u0439","callback_data":"invnext_1"}],[{"text":"\\u041f\\u043e\\u0438\\u0441\\u043a \\u043f\\u043e \\u043d\\u0430\\u0437\\u0432\\u0430\\u043d\\u0438\\u044e","callback_data":"invsearch_name"}],[{"text":"\\u041f\\u043e\\u0438\\u0441\\u043a \\u043f\\u043e \\u0441\\u043e\\u0434\\u0435\\u0440\\u0436\\u0430\\u043d\\u0438\\u044e \\u043a\\u043e\\u043d\\u0442\\u0440\\u0430\\u043a\\u0442\\u0430","callback_data":"invsearch_by_message"}]]}}}''
2023-11-18 11:59:19,270 DEBUG: Task complete
2023-11-18 11:59:27,027 DEBUG: The server returned: 'b'{"ok":true,"result":[{"update_id":249918679,\n"callback_query":{"id":"2093993731683612123","from":{"id":487545908,"is_bot":false,"first_name":"\\u1160\\u0437\\u0438\\u0431\\u043b\\u043e","username":"z4eb4lo","language_code":"ru","is_premium":true},"message":{"message_id":5138,"from":{"id":6432599280,"is_bot":true,"first_name":"Monopoly Bot","username":"monopolycontractbot"},"chat":{"id":487545908,"first_name":"\\u1160\\u0437\\u0438\\u0431\\u043b\\u043e","username":"z4eb4lo","type":"private"},"date":1700297960,"text":"ID \\u043a\\u043e\\u043d\\u0442\\u0440\\u0430\\u043a\\u0442\\u0430: 9c0739b828\\n\\u0418\\u043c\\u044f \\u043a\\u043e\\u043d\\u0442\\u0440\\u0430\\u043a\\u0442\\u0430: \\u0422\\u0435\\u0441\\u0442\\u043e\\u0432\\u044b\\u0439 \\u043a\\u043e\\u043d\\u0442\\u0440\\u0430\\u043a\\u0442 1\\n\\nID \\u043a\\u043e\\u043d\\u0442\\u0440\\u0430\\u043a\\u0442\\u0430: 585536656d\\n\\u0418\\u043c\\u044f \\u043a\\u043e\\u043d\\u0442\\u0440\\u0430\\u043a\\u0442\\u0430: \\u0422\\u0435\\u0441\\u0442\\u043e\\u0432\\u044b\\u0439 \\u043a\\u043e\\u043d\\u0442\\u0440\\u0430\\u043a\\u0442 2\\n\\n\\u0427\\u0442\\u043e\\u0431\\u044b \\u043f\\u043e\\u0441\\u043c\\u043e\\u0442\\u0440\\u0435\\u0442\\u044c \\u043a\\u043e\\u043d\\u0442\\u0440\\u0430\\u043a\\u0442, \\u0438\\u0441\\u043f\\u043e\\u043b\\u044c\\u0437\\u0443\\u0439\\u0442\\u0435 /showcon {ID}\\n\\u0427\\u0442\\u043e\\u0431\\u044b \\u043f\\u043e\\u0441\\u043c\\u043e\\u0442\\u0440\\u0435\\u0442\\u044c \\u043b\\u043e\\u0433, \\u0438\\u0441\\u043f\\u043e\\u043b\\u044c\\u0437\\u0443\\u0439\\u0442\\u0435   /logcon {ID}","entities":[{"offset":14,"length":10,"type":"code"},{"offset":75,"length":10,"type":"code"},{"offset":161,"length":8,"type":"code"},{"offset":211,"length":7,"type":"code"}],"reply_markup":{"inline_keyboard":[[{"text":"\\u041f\\u0440\\u0435\\u0434\\u044b\\u0434\\u0443\\u0449\\u0438\\u0439","callback_data":"invprev_-1"},{"text":"1/1","callback_data":"123"},{"text":"\\u0421\\u043b\\u0435\\u0434\\u0443\\u044e\\u0449\\u0438\\u0439","callback_data":"invnext_1"}],[{"text":"\\u041f\\u043e\\u0438\\u0441\\u043a \\u043f\\u043e \\u043d\\u0430\\u0437\\u0432\\u0430\\u043d\\u0438\\u044e","callback_data":"invsearch_name"}],[{"text":"\\u041f\\u043e\\u0438\\u0441\\u043a \\u043f\\u043e \\u0441\\u043e\\u0434\\u0435\\u0440\\u0436\\u0430\\u043d\\u0438\\u044e \\u043a\\u043e\\u043d\\u0442\\u0440\\u0430\\u043a\\u0442\\u0430","callback_data":"invsearch_by_message"}]]}},"chat_instance":"5651594365966798768","data":"invsearch_by_message"}}]}''
2023-11-18 11:59:27,027 DEBUG: Received 1 new updates
2023-11-18 11:59:27,027 DEBUG: Task complete
2023-11-18 11:59:27,027 DEBUG: Received task
2023-11-18 11:59:27,028 DEBUG: Request: method=post url=https://api.telegram.org/bot6432599280:{TOKEN}/sendMessage params={'chat_id': '487545908', 'text': 'Введите фрагмент содержания контракта.\nНапример, вы вводите "Сделать чат-бота" и Вам выдаются все контракты, в сообщении которых(полное описание: хештеги, тз, тип, ...) содержится эта фраза'} files=None
2023-11-18 11:59:27,028 DEBUG: Received task
2023-11-18 11:59:27,030 DEBUG: Request: method=get url=https://api.telegram.org/bot6432599280:{TOKEN}/getUpdates params={'offset': 249918680, 'timeout': 20, 'long_polling_timeout': 20} files=None
2023-11-18 11:59:27,139 DEBUG: The server returned: 'b'{"ok":true,"result":{"message_id":5139,"from":{"id":6432599280,"is_bot":true,"first_name":"Monopoly Bot","username":"monopolycontractbot"},"chat":{"id":487545908,"first_name":"\\u1160\\u0437\\u0438\\u0431\\u043b\\u043e","username":"z4eb4lo","type":"private"},"date":1700297968,"text":"\\u0412\\u0432\\u0435\\u0434\\u0438\\u0442\\u0435 \\u0444\\u0440\\u0430\\u0433\\u043c\\u0435\\u043d\\u0442 \\u0441\\u043e\\u0434\\u0435\\u0440\\u0436\\u0430\\u043d\\u0438\\u044f \\u043a\\u043e\\u043d\\u0442\\u0440\\u0430\\u043a\\u0442\\u0430.\\n\\u041d\\u0430\\u043f\\u0440\\u0438\\u043c\\u0435\\u0440, \\u0432\\u044b \\u0432\\u0432\\u043e\\u0434\\u0438\\u0442\\u0435 \\"\\u0421\\u0434\\u0435\\u043b\\u0430\\u0442\\u044c \\u0447\\u0430\\u0442-\\u0431\\u043e\\u0442\\u0430\\" \\u0438 \\u0412\\u0430\\u043c \\u0432\\u044b\\u0434\\u0430\\u044e\\u0442\\u0441\\u044f \\u0432\\u0441\\u0435 \\u043a\\u043e\\u043d\\u0442\\u0440\\u0430\\u043a\\u0442\\u044b, \\u0432 \\u0441\\u043e\\u043e\\u0431\\u0449\\u0435\\u043d\\u0438\\u0438 \\u043a\\u043e\\u0442\\u043e\\u0440\\u044b\\u0445(\\u043f\\u043e\\u043b\\u043d\\u043e\\u0435 \\u043e\\u043f\\u0438\\u0441\\u0430\\u043d\\u0438\\u0435: \\u0445\\u0435\\u0448\\u0442\\u0435\\u0433\\u0438, \\u0442\\u0437, \\u0442\\u0438\\u043f, ...) \\u0441\\u043e\\u0434\\u0435\\u0440\\u0436\\u0438\\u0442\\u0441\\u044f \\u044d\\u0442\\u0430 \\u0444\\u0440\\u0430\\u0437\\u0430"}}''
2023-11-18 11:59:27,139 DEBUG: Task complete
2023-11-18 11:59:33,255 DEBUG: The server returned: 'b'{"ok":true,"result":[{"update_id":249918680,\n"message":{"message_id":5140,"from":{"id":487545908,"is_bot":false,"first_name":"\\u1160\\u0437\\u0438\\u0431\\u043b\\u043e","username":"z4eb4lo","language_code":"ru","is_premium":true},"chat":{"id":487545908,"first_name":"\\u1160\\u0437\\u0438\\u0431\\u043b\\u043e","username":"z4eb4lo","type":"private"},"date":1700297974,"text":"\\u0442\\u0437"}}]}''
2023-11-18 11:59:33,255 DEBUG: Received 1 new updates
2023-11-18 11:59:33,255 DEBUG: Task complete
2023-11-18 11:59:33,255 DEBUG: Received task
2023-11-18 11:59:33,256 DEBUG: Received task
2023-11-18 11:59:33,256 DEBUG: Request: method=post url=https://api.telegram.org/bot6432599280:{TOKEN}/sendMessage params={'chat_id': '487545908', 'text': 'Контракты с таким содержанием не найдены.'} files=None
2023-11-18 11:59:33,256 DEBUG: Request: method=get url=https://api.telegram.org/bot6432599280:{TOKEN}/getUpdates params={'offset': 249918681, 'timeout': 20, 'long_polling_timeout': 20} files=None
2023-11-18 11:59:33,372 DEBUG: The server returned: 'b'{"ok":true,"result":{"message_id":5141,"from":{"id":6432599280,"is_bot":true,"first_name":"Monopoly Bot","username":"monopolycontractbot"},"chat":{"id":487545908,"first_name":"\\u1160\\u0437\\u0438\\u0431\\u043b\\u043e","username":"z4eb4lo","type":"private"},"date":1700297974,"text":"\\u041a\\u043e\\u043d\\u0442\\u0440\\u0430\\u043a\\u0442\\u044b \\u0441 \\u0442\\u0430\\u043a\\u0438\\u043c \\u0441\\u043e\\u0434\\u0435\\u0440\\u0436\\u0430\\u043d\\u0438\\u0435\\u043c \\u043d\\u0435 \\u043d\\u0430\\u0439\\u0434\\u0435\\u043d\\u044b."}}''
2023-11-18 11:59:33,372 DEBUG: Task complete
2023-11-18 11:59:44,781 DEBUG: The server returned: 'b'{"ok":true,"result":[{"update_id":249918681,\n"message":{"message_id":5142,"from":{"id":487545908,"is_bot":false,"first_name":"\\u1160\\u0437\\u0438\\u0431\\u043b\\u043e","username":"z4eb4lo","language_code":"ru","is_premium":true},"chat":{"id":487545908,"first_name":"\\u1160\\u0437\\u0438\\u0431\\u043b\\u043e","username":"z4eb4lo","type":"private"},"date":1700297986,"text":"/logcon 585536656d","entities":[{"offset":0,"length":7,"type":"bot_command"}]}}]}''
2023-11-18 11:59:44,781 DEBUG: Received 1 new updates
2023-11-18 11:59:44,781 DEBUG: Task complete
2023-11-18 11:59:44,782 DEBUG: Received task
2023-11-18 11:59:44,782 DEBUG: Received task
2023-11-18 11:59:44,782 DEBUG: Request: method=get url=https://api.telegram.org/bot6432599280:{TOKEN}/getUpdates params={'offset': 249918682, 'timeout': 20, 'long_polling_timeout': 20} files=None
2023-11-18 11:59:44,783 DEBUG: Request: method=post url=https://api.telegram.org/bot6432599280:{TOKEN}/sendMessage params={'chat_id': '487545908', 'text': 'Такого лога не существует'} files=None
2023-11-18 11:59:44,890 DEBUG: The server returned: 'b'{"ok":true,"result":{"message_id":5143,"from":{"id":6432599280,"is_bot":true,"first_name":"Monopoly Bot","username":"monopolycontractbot"},"chat":{"id":487545908,"first_name":"\\u1160\\u0437\\u0438\\u0431\\u043b\\u043e","username":"z4eb4lo","type":"private"},"date":1700297986,"text":"\\u0422\\u0430\\u043a\\u043e\\u0433\\u043e \\u043b\\u043e\\u0433\\u0430 \\u043d\\u0435 \\u0441\\u0443\\u0449\\u0435\\u0441\\u0442\\u0432\\u0443\\u0435\\u0442"}}''
2023-11-18 11:59:44,890 DEBUG: Task complete
2023-11-18 11:59:53,511 DEBUG: The server returned: 'b'{"ok":true,"result":[{"update_id":249918682,\n"message":{"message_id":5144,"from":{"id":487545908,"is_bot":false,"first_name":"\\u1160\\u0437\\u0438\\u0431\\u043b\\u043e","username":"z4eb4lo","language_code":"ru","is_premium":true},"chat":{"id":487545908,"first_name":"\\u1160\\u0437\\u0438\\u0431\\u043b\\u043e","username":"z4eb4lo","type":"private"},"date":1700297995,"text":"/logcon 9c0739b828","entities":[{"offset":0,"length":7,"type":"bot_command"}]}}]}''
2023-11-18 11:59:53,511 DEBUG: Received 1 new updates
2023-11-18 11:59:53,511 DEBUG: Task complete
2023-11-18 11:59:53,511 DEBUG: Received task
2023-11-18 11:59:53,512 DEBUG: Received task
2023-11-18 11:59:53,512 DEBUG: Request: method=get url=https://api.telegram.org/bot6432599280:{TOKEN}/getUpdates params={'offset': 249918683, 'timeout': 20, 'long_polling_timeout': 20} files=None
2023-11-18 11:59:53,522 DEBUG: Request: method=post url=https://api.telegram.org/bot6432599280:{TOKEN}/sendDocument params={'chat_id': 487545908, 'caption': 'Лог контракта №9c0739b828'} files={'document': <_io.TextIOWrapper name='log/9c0739b828_log.log' mode='r' encoding='cp1251'>}
2023-11-18 11:59:54,125 DEBUG: The server returned: 'b'{"ok":true,"result":{"message_id":5145,"from":{"id":6432599280,"is_bot":true,"first_name":"Monopoly Bot","username":"monopolycontractbot"},"chat":{"id":487545908,"first_name":"\\u1160\\u0437\\u0438\\u0431\\u043b\\u043e","username":"z4eb4lo","type":"private"},"date":1700297995,"document":{"file_name":"9c0739b828_log.log","mime_type":"text/plain","file_id":"BQACAgIAAxkDAAIUGWVYfQso5gnU3FVbE6dIDSoJo2MbAAJaOAAC3YbISretBZba9AXKMwQ","file_unique_id":"AgADWjgAAt2GyEo","file_size":60590},"caption":"\\u041b\\u043e\\u0433 \\u043a\\u043e\\u043d\\u0442\\u0440\\u0430\\u043a\\u0442\\u0430 \\u21169c0739b828"}}''
2023-11-18 11:59:54,125 DEBUG: Task complete
2023-11-18 12:00:13,586 DEBUG: The server returned: 'b'{"ok":true,"result":[]}''
2023-11-18 12:00:13,586 DEBUG: Received 0 new updates
2023-11-18 12:00:13,586 DEBUG: Task complete
2023-11-18 12:00:13,587 DEBUG: Received task
2023-11-18 12:00:13,587 DEBUG: Request: method=get url=https://api.telegram.org/bot6432599280:{TOKEN}/getUpdates params={'offset': 249918683, 'timeout': 20, 'long_polling_timeout': 20} files=None
2023-11-18 12:00:20,813 DEBUG: The server returned: 'b'{"ok":true,"result":[{"update_id":249918683,\n"message":{"message_id":5146,"from":{"id":487545908,"is_bot":false,"first_name":"\\u1160\\u0437\\u0438\\u0431\\u043b\\u043e","username":"z4eb4lo","language_code":"ru","is_premium":true},"chat":{"id":487545908,"first_name":"\\u1160\\u0437\\u0438\\u0431\\u043b\\u043e","username":"z4eb4lo","type":"private"},"date":1700298022,"text":"/showcon 585536656d","entities":[{"offset":0,"length":8,"type":"bot_command"}]}}]}''
2023-11-18 12:00:20,813 DEBUG: Received 1 new updates
2023-11-18 12:00:20,813 DEBUG: Task complete
2023-11-18 12:00:20,813 DEBUG: Received task
2023-11-18 12:00:20,814 DEBUG: Received task
2023-11-18 12:00:20,814 DEBUG: Request: method=get url=https://api.telegram.org/bot6432599280:{TOKEN}/getUpdates params={'offset': 249918684, 'timeout': 20, 'long_polling_timeout': 20} files=None
2023-11-18 12:00:20,815 DEBUG: Request: method=post url=https://api.telegram.org/bot6432599280:{TOKEN}/sendMessage params={'chat_id': '487545908', 'text': 'Информация о контракте №585536656d', 'reply_markup': '{"inline_keyboard": [[{"text": "\\u041f\\u043e\\u0441\\u043c\\u043e\\u0442\\u0440\\u0435\\u0442\\u044c \\u043a\\u043e\\u043d\\u0442\\u0440\\u0430\\u043a\\u0442 585536656d", "url": "t.me/monopolycontractbot?start=showcontract_585536656d"}]]}'} files=None
2023-11-18 12:00:20,998 DEBUG: The server returned: 'b'{"ok":true,"result":{"message_id":5147,"from":{"id":6432599280,"is_bot":true,"first_name":"Monopoly Bot","username":"monopolycontractbot"},"chat":{"id":487545908,"first_name":"\\u1160\\u0437\\u0438\\u0431\\u043b\\u043e","username":"z4eb4lo","type":"private"},"date":1700298022,"text":"\\u0418\\u043d\\u0444\\u043e\\u0440\\u043c\\u0430\\u0446\\u0438\\u044f \\u043e \\u043a\\u043e\\u043d\\u0442\\u0440\\u0430\\u043a\\u0442\\u0435 \\u2116585536656d","reply_markup":{"inline_keyboard":[[{"text":"\\u041f\\u043e\\u0441\\u043c\\u043e\\u0442\\u0440\\u0435\\u0442\\u044c \\u043a\\u043e\\u043d\\u0442\\u0440\\u0430\\u043a\\u0442 585536656d","url":"http://t.me/monopolycontractbot?start=showcontract_585536656d"}]]}}}''
2023-11-18 12:00:20,998 DEBUG: Task complete
2023-11-18 12:00:22,599 DEBUG: The server returned: 'b'{"ok":true,"result":[{"update_id":249918684,\n"message":{"message_id":5148,"from":{"id":487545908,"is_bot":false,"first_name":"\\u1160\\u0437\\u0438\\u0431\\u043b\\u043e","username":"z4eb4lo","language_code":"ru","is_premium":true},"chat":{"id":487545908,"first_name":"\\u1160\\u0437\\u0438\\u0431\\u043b\\u043e","username":"z4eb4lo","type":"private"},"date":1700298024,"text":"/start showcontract_585536656d","entities":[{"offset":0,"length":6,"type":"bot_command"}]}}]}''
2023-11-18 12:00:22,599 DEBUG: Received 1 new updates
2023-11-18 12:00:22,599 DEBUG: Task complete
2023-11-18 12:00:22,599 DEBUG: Received task
2023-11-18 12:00:22,600 DEBUG: Request: method=get url=https://api.telegram.org/bot6432599280:{TOKEN}/getChat params={'chat_id': 487545908} files=None
2023-11-18 12:00:22,600 DEBUG: Received task
2023-11-18 12:00:22,600 DEBUG: Request: method=get url=https://api.telegram.org/bot6432599280:{TOKEN}/getUpdates params={'offset': 249918685, 'timeout': 20, 'long_polling_timeout': 20} files=None
2023-11-18 12:00:23,008 DEBUG: The server returned: 'b'{"ok":true,"result":{"id":487545908,"first_name":"\\u1160\\u0437\\u0438\\u0431\\u043b\\u043e","username":"z4eb4lo","type":"private","active_usernames":["z4eb4lo"],"emoji_status_custom_emoji_id":"5256041592271157291","bio":"@valorantcard","has_private_forwards":true,"photo":{"small_file_id":"AQADAgADC6gxGzRcDx0ACAIAAzRcDx0ABOk-tDPsdmd2MwQ","small_file_unique_id":"AQADC6gxGzRcDx0AAQ","big_file_id":"AQADAgADC6gxGzRcDx0ACAMAAzRcDx0ABOk-tDPsdmd2MwQ","big_file_unique_id":"AQADC6gxGzRcDx0B"}}}''
2023-11-18 12:00:23,008 DEBUG: Request: method=post url=https://api.telegram.org/bot6432599280:{TOKEN}/sendMessage params={'chat_id': '487545908', 'text': 'Номер контракта: <code>585536656d</code>\n___________________________\n#контракт\n\n#тест4 #тест5 #тест6 \n\nСтатус контракта:\n\U0001f634Ожидает своего исполнителя\n\n<b>Тип:</b>\nОдноразовый\n\n<b>ТЗ:</b>\nэто - одноразовый контракт\n\n<b>Срок выполнения:</b>\n2023-11-19 00:00\n\n<b>Стоимость:</b>\n1000 BMC\n\n<b>Дополнительные условия:</b>\nэто - условия\n\n', 'parse_mode': 'html'} files=None
2023-11-18 12:00:23,190 DEBUG: The server returned: 'b'{"ok":true,"result":{"message_id":5149,"from":{"id":6432599280,"is_bot":true,"first_name":"Monopoly Bot","username":"monopolycontractbot"},"chat":{"id":487545908,"first_name":"\\u1160\\u0437\\u0438\\u0431\\u043b\\u043e","username":"z4eb4lo","type":"private"},"date":1700298024,"text":"\\u041d\\u043e\\u043c\\u0435\\u0440 \\u043a\\u043e\\u043d\\u0442\\u0440\\u0430\\u043a\\u0442\\u0430: 585536656d\\n___________________________\\n#\\u043a\\u043e\\u043d\\u0442\\u0440\\u0430\\u043a\\u0442\\n\\n#\\u0442\\u0435\\u0441\\u04424 #\\u0442\\u0435\\u0441\\u04425 #\\u0442\\u0435\\u0441\\u04426 \\n\\n\\u0421\\u0442\\u0430\\u0442\\u0443\\u0441 \\u043a\\u043e\\u043d\\u0442\\u0440\\u0430\\u043a\\u0442\\u0430:\\n\\ud83d\\ude34\\u041e\\u0436\\u0438\\u0434\\u0430\\u0435\\u0442 \\u0441\\u0432\\u043e\\u0435\\u0433\\u043e \\u0438\\u0441\\u043f\\u043e\\u043b\\u043d\\u0438\\u0442\\u0435\\u043b\\u044f\\n\\n\\u0422\\u0438\\u043f:\\n\\u041e\\u0434\\u043d\\u043e\\u0440\\u0430\\u0437\\u043e\\u0432\\u044b\\u0439\\n\\n\\u0422\\u0417:\\n\\u044d\\u0442\\u043e - \\u043e\\u0434\\u043d\\u043e\\u0440\\u0430\\u0437\\u043e\\u0432\\u044b\\u0439 \\u043a\\u043e\\u043d\\u0442\\u0440\\u0430\\u043a\\u0442\\n\\n\\u0421\\u0440\\u043e\\u043a \\u0432\\u044b\\u043f\\u043e\\u043b\\u043d\\u0435\\u043d\\u0438\\u044f:\\n2023-11-19 00:00\\n\\n\\u0421\\u0442\\u043e\\u0438\\u043c\\u043e\\u0441\\u0442\\u044c:\\n1000 BMC\\n\\n\\u0414\\u043e\\u043f\\u043e\\u043b\\u043d\\u0438\\u0442\\u0435\\u043b\\u044c\\u043d\\u044b\\u0435 \\u0443\\u0441\\u043b\\u043e\\u0432\\u0438\\u044f:\\n\\u044d\\u0442\\u043e - \\u0443\\u0441\\u043b\\u043e\\u0432\\u0438\\u044f","entities":[{"offset":17,"length":10,"type":"code"},{"offset":56,"length":9,"type":"hashtag"},{"offset":67,"length":6,"type":"hashtag"},{"offset":74,"length":6,"type":"hashtag"},{"offset":81,"length":6,"type":"hashtag"},{"offset":138,"length":4,"type":"bold"},{"offset":156,"length":3,"type":"bold"},{"offset":188,"length":16,"type":"bold"},{"offset":223,"length":10,"type":"bold"},{"offset":244,"length":23,"type":"bold"}]}}''
2023-11-18 12:00:23,190 DEBUG: Task complete
2023-11-18 12:00:42,683 DEBUG: The server returned: 'b'{"ok":true,"result":[]}''
2023-11-18 12:00:42,683 DEBUG: Received 0 new updates
2023-11-18 12:00:42,683 DEBUG: Task complete
2023-11-18 12:00:42,683 DEBUG: Received task
2023-11-18 12:00:42,684 DEBUG: Request: method=get url=https://api.telegram.org/bot6432599280:{TOKEN}/getUpdates params={'offset': 249918685, 'timeout': 20, 'long_polling_timeout': 20} files=None
2023-11-18 12:01:02,997 DEBUG: The server returned: 'b'{"ok":true,"result":[]}''
2023-11-18 12:01:02,997 DEBUG: Received 0 new updates
2023-11-18 12:01:02,997 DEBUG: Task complete
2023-11-18 12:01:02,997 DEBUG: Received task
2023-11-18 12:01:02,998 DEBUG: Request: method=get url=https://api.telegram.org/bot6432599280:{TOKEN}/getUpdates params={'offset': 249918685, 'timeout': 20, 'long_polling_timeout': 20} files=None
