2023-11-18 11:28:26,944 INFO: Контракт f049b1151b был принят администраторами
2023-11-18 11:28:26,945 DEBUG: Request: method=post url=https://api.telegram.org/bot6432599280:{TOKEN}/editMessageText params={'text': '#контракт\n\n#Тест4 #тест5 #тест6 \n\nСтатус контракта:\n\U0001f634Ожидает своего исполнителя\n\n<b>Тип:</b>\nКонкурс\n\n<b>ТЗ:</b>\nЭто конкурс\n\n<b>Срок выполнения:</b>\n2023-11-25 00:00\n\n<b>Стоимость:</b>\n5000 BMC\n\n', 'chat_id': -1001558266063, 'message_id': 120, 'parse_mode': 'html', 'reply_markup': '{"inline_keyboard": [[{"text": "\\u041f\\u043e\\u0434\\u043f\\u0438\\u0441\\u0430\\u0442\\u044c \\u043a\\u043e\\u043d\\u0442\\u0440\\u0430\\u043a\\u0442", "url": "t.me/monopolycontractbot?start=signkonkursf049b1151b"}]]}'} files=None
2023-11-18 11:28:27,136 DEBUG: The server returned: 'b'{"ok":true,"result":{"message_id":120,"sender_chat":{"id":-1001558266063,"title":"z4eb4lo DEV.","username":"z4eb4lo_dev","type":"channel"},"chat":{"id":-1001558266063,"title":"z4eb4lo DEV.","username":"z4eb4lo_dev","type":"channel"},"date":1700296108,"edit_date":1700296108,"text":"#\\u043a\\u043e\\u043d\\u0442\\u0440\\u0430\\u043a\\u0442\\n\\n#\\u0422\\u0435\\u0441\\u04424 #\\u0442\\u0435\\u0441\\u04425 #\\u0442\\u0435\\u0441\\u04426 \\n\\n\\u0421\\u0442\\u0430\\u0442\\u0443\\u0441 \\u043a\\u043e\\u043d\\u0442\\u0440\\u0430\\u043a\\u0442\\u0430:\\n\\ud83d\\ude34\\u041e\\u0436\\u0438\\u0434\\u0430\\u0435\\u0442 \\u0441\\u0432\\u043e\\u0435\\u0433\\u043e \\u0438\\u0441\\u043f\\u043e\\u043b\\u043d\\u0438\\u0442\\u0435\\u043b\\u044f\\n\\n\\u0422\\u0438\\u043f:\\n\\u041a\\u043e\\u043d\\u043a\\u0443\\u0440\\u0441\\n\\n\\u0422\\u0417:\\n\\u042d\\u0442\\u043e \\u043a\\u043e\\u043d\\u043a\\u0443\\u0440\\u0441\\n\\n\\u0421\\u0440\\u043e\\u043a \\u0432\\u044b\\u043f\\u043e\\u043b\\u043d\\u0435\\u043d\\u0438\\u044f:\\n2023-11-25 00:00\\n\\n\\u0421\\u0442\\u043e\\u0438\\u043c\\u043e\\u0441\\u0442\\u044c:\\n5000 BMC","entities":[{"offset":0,"length":9,"type":"hashtag"},{"offset":11,"length":6,"type":"hashtag"},{"offset":18,"length":6,"type":"hashtag"},{"offset":25,"length":6,"type":"hashtag"},{"offset":82,"length":4,"type":"bold"},{"offset":96,"length":3,"type":"bold"},{"offset":113,"length":16,"type":"bold"},{"offset":148,"length":10,"type":"bold"}],"reply_markup":{"inline_keyboard":[[{"text":"\\u041f\\u043e\\u0434\\u043f\\u0438\\u0441\\u0430\\u0442\\u044c \\u043a\\u043e\\u043d\\u0442\\u0440\\u0430\\u043a\\u0442","url":"http://t.me/monopolycontractbot?start=signkonkursf049b1151b"}]]}}}''
2023-11-18 11:28:27,617 DEBUG: Task complete
2023-11-18 11:28:45,193 DEBUG: The server returned: 'b'{"ok":true,"result":[]}''
2023-11-18 11:28:45,193 DEBUG: Received 0 new updates
2023-11-18 11:28:45,193 DEBUG: Task complete
2023-11-18 11:28:45,193 DEBUG: Received task
2023-11-18 11:28:45,194 DEBUG: Request: method=get url=https://api.telegram.org/bot6432599280:{TOKEN}/getUpdates params={'offset': 249918626, 'timeout': 20, 'long_polling_timeout': 20} files=None
2023-11-18 11:29:05,268 DEBUG: The server returned: 'b'{"ok":true,"result":[]}''
2023-11-18 11:29:05,268 DEBUG: Received 0 new updates
2023-11-18 11:29:05,268 DEBUG: Task complete
2023-11-18 11:29:05,268 DEBUG: Received task
2023-11-18 11:29:05,268 DEBUG: Request: method=get url=https://api.telegram.org/bot6432599280:{TOKEN}/getUpdates params={'offset': 249918626, 'timeout': 20, 'long_polling_timeout': 20} files=None
2023-11-18 11:29:25,336 DEBUG: The server returned: 'b'{"ok":true,"result":[]}''
2023-11-18 11:29:25,336 DEBUG: Received 0 new updates
2023-11-18 11:29:25,336 DEBUG: Task complete
2023-11-18 11:29:25,337 DEBUG: Received task
2023-11-18 11:29:25,337 DEBUG: Request: method=get url=https://api.telegram.org/bot6432599280:{TOKEN}/getUpdates params={'offset': 249918626, 'timeout': 20, 'long_polling_timeout': 20} files=None
2023-11-18 11:29:27,176 DEBUG: The server returned: 'b'{"ok":true,"result":[{"update_id":249918626,\n"message":{"message_id":5010,"from":{"id":849106299,"is_bot":false,"first_name":"\\u041c\\u0430\\u0440\\u0438\\u044f","username":"mMearshe","language_code":"ru"},"chat":{"id":849106299,"first_name":"\\u041c\\u0430\\u0440\\u0438\\u044f","username":"mMearshe","type":"private"},"date":1700296168,"text":"/start votecontract_accept_1c81d5673d","entities":[{"offset":0,"length":6,"type":"bot_command"}]}}]}''
2023-11-18 11:29:27,176 DEBUG: Received 1 new updates
2023-11-18 11:29:27,176 DEBUG: Task complete
2023-11-18 11:29:27,176 DEBUG: Received task
2023-11-18 11:29:27,177 DEBUG: Received task
2023-11-18 11:29:27,177 DEBUG: Request: method=get url=https://api.telegram.org/bot6432599280:{TOKEN}/getChat params={'chat_id': 849106299} files=None
2023-11-18 11:29:27,177 DEBUG: Request: method=get url=https://api.telegram.org/bot6432599280:{TOKEN}/getUpdates params={'offset': 249918627, 'timeout': 20, 'long_polling_timeout': 20} files=None
2023-11-18 11:29:27,298 DEBUG: The server returned: 'b'{"ok":true,"result":{"id":849106299,"first_name":"\\u041c\\u0430\\u0440\\u0438\\u044f","username":"mMearshe","type":"private","active_usernames":["mMearshe"],"photo":{"small_file_id":"AQADAgADrKcxG3tVnDIACAIAA3tVnDIABGdul_OFTGXTMwQ","small_file_unique_id":"AQADrKcxG3tVnDIAAQ","big_file_id":"AQADAgADrKcxG3tVnDIACAMAA3tVnDIABGdul_OFTGXTMwQ","big_file_unique_id":"AQADrKcxG3tVnDIB"}}}''
2023-11-18 11:29:27,299 DEBUG: Request: method=post url=https://api.telegram.org/bot6432599280:{TOKEN}/sendPhoto params={'chat_id': 849106299, 'caption': 'Вы успешно проголосовали в контракте №1c81d5673d!'} files={'photo': <_io.BufferedReader name='design/handshake.jpg'>}
2023-11-18 11:29:27,541 DEBUG: The server returned: 'b'{"ok":true,"result":{"message_id":5011,"from":{"id":6432599280,"is_bot":true,"first_name":"Monopoly Bot","username":"monopolycontractbot"},"chat":{"id":849106299,"first_name":"\\u041c\\u0430\\u0440\\u0438\\u044f","username":"mMearshe","type":"private"},"date":1700296169,"photo":[{"file_id":"AgACAgIAAxkDAAITk2VYdenrPERQEypnOJMcDcJOYDMaAAIQzjEb1_XASsRZC15BsuLPAQADAgADcwADMwQ","file_unique_id":"AQADEM4xG9f1wEp4","file_size":1143,"width":90,"height":60},{"file_id":"AgACAgIAAxkDAAITk2VYdenrPERQEypnOJMcDcJOYDMaAAIQzjEb1_XASsRZC15BsuLPAQADAgADbQADMwQ","file_unique_id":"AQADEM4xG9f1wEpy","file_size":17653,"width":320,"height":213},{"file_id":"AgACAgIAAxkDAAITk2VYdenrPERQEypnOJMcDcJOYDMaAAIQzjEb1_XASsRZC15BsuLPAQADAgADeAADMwQ","file_unique_id":"AQADEM4xG9f1wEp9","file_size":50772,"width":800,"height":533},{"file_id":"AgACAgIAAxkDAAITk2VYdenrPERQEypnOJMcDcJOYDMaAAIQzjEb1_XASsRZC15BsuLPAQADAgADeQADMwQ","file_unique_id":"AQADEM4xG9f1wEp-","file_size":98296,"width":1280,"height":853},{"file_id":"AgACAgIAAxkDAAITk2VYdenrPERQEypnOJMcDcJOYDMaAAIQzjEb1_XASsRZC15BsuLPAQADAgADdwADMwQ","file_unique_id":"AQADEM4xG9f1wEp8","file_size":262843,"width":2560,"height":1707}],"caption":"\\u0412\\u044b \\u0443\\u0441\\u043f\\u0435\\u0448\\u043d\\u043e \\u043f\\u0440\\u043e\\u0433\\u043e\\u043b\\u043e\\u0441\\u043e\\u0432\\u0430\\u043b\\u0438 \\u0432 \\u043a\\u043e\\u043d\\u0442\\u0440\\u0430\\u043a\\u0442\\u0435 \\u21161c81d5673d!"}}''
2023-11-18 11:29:27,719 DEBUG: Request: method=post url=https://api.telegram.org/bot6432599280:{TOKEN}/sendMessage params={'chat_id': '487545908', 'text': 'Контракт <code>1c81d5673d</code> был принят администраторами! Приступаем к выкладыванию', 'parse_mode': 'html'} files=None
2023-11-18 11:29:27,850 DEBUG: The server returned: 'b'{"ok":true,"result":{"message_id":5012,"from":{"id":6432599280,"is_bot":true,"first_name":"Monopoly Bot","username":"monopolycontractbot"},"chat":{"id":487545908,"first_name":"\\u1160\\u0437\\u0438\\u0431\\u043b\\u043e","username":"z4eb4lo","type":"private"},"date":1700296169,"text":"\\u041a\\u043e\\u043d\\u0442\\u0440\\u0430\\u043a\\u0442 1c81d5673d \\u0431\\u044b\\u043b \\u043f\\u0440\\u0438\\u043d\\u044f\\u0442 \\u0430\\u0434\\u043c\\u0438\\u043d\\u0438\\u0441\\u0442\\u0440\\u0430\\u0442\\u043e\\u0440\\u0430\\u043c\\u0438! \\u041f\\u0440\\u0438\\u0441\\u0442\\u0443\\u043f\\u0430\\u0435\\u043c \\u043a \\u0432\\u044b\\u043a\\u043b\\u0430\\u0434\\u044b\\u0432\\u0430\\u043d\\u0438\\u044e","entities":[{"offset":9,"length":10,"type":"code"}]}}''
2023-11-18 11:29:27,851 DEBUG: Request: method=post url=https://api.telegram.org/bot6432599280:{TOKEN}/sendMessage params={'chat_id': '1262539577', 'text': 'Контракт <code>1c81d5673d</code> был принят администраторами! Приступаем к выкладыванию', 'parse_mode': 'html'} files=None
2023-11-18 11:29:28,207 DEBUG: The server returned: 'b'{"ok":true,"result":{"message_id":5013,"from":{"id":6432599280,"is_bot":true,"first_name":"Monopoly Bot","username":"monopolycontractbot"},"chat":{"id":1262539577,"first_name":"Mikhanoid","username":"Mikhanoid_skwlkr","type":"private"},"date":1700296169,"text":"\\u041a\\u043e\\u043d\\u0442\\u0440\\u0430\\u043a\\u0442 1c81d5673d \\u0431\\u044b\\u043b \\u043f\\u0440\\u0438\\u043d\\u044f\\u0442 \\u0430\\u0434\\u043c\\u0438\\u043d\\u0438\\u0441\\u0442\\u0440\\u0430\\u0442\\u043e\\u0440\\u0430\\u043c\\u0438! \\u041f\\u0440\\u0438\\u0441\\u0442\\u0443\\u043f\\u0430\\u0435\\u043c \\u043a \\u0432\\u044b\\u043a\\u043b\\u0430\\u0434\\u044b\\u0432\\u0430\\u043d\\u0438\\u044e","entities":[{"offset":9,"length":10,"type":"code"}]}}''
2023-11-18 11:29:28,207 DEBUG: Request: method=post url=https://api.telegram.org/bot6432599280:{TOKEN}/sendMessage params={'chat_id': '849106299', 'text': 'Контракт <code>1c81d5673d</code> был принят администраторами! Приступаем к выкладыванию', 'parse_mode': 'html'} files=None
2023-11-18 11:29:28,362 DEBUG: The server returned: 'b'{"ok":true,"result":{"message_id":5014,"from":{"id":6432599280,"is_bot":true,"first_name":"Monopoly Bot","username":"monopolycontractbot"},"chat":{"id":849106299,"first_name":"\\u041c\\u0430\\u0440\\u0438\\u044f","username":"mMearshe","type":"private"},"date":1700296169,"text":"\\u041a\\u043e\\u043d\\u0442\\u0440\\u0430\\u043a\\u0442 1c81d5673d \\u0431\\u044b\\u043b \\u043f\\u0440\\u0438\\u043d\\u044f\\u0442 \\u0430\\u0434\\u043c\\u0438\\u043d\\u0438\\u0441\\u0442\\u0440\\u0430\\u0442\\u043e\\u0440\\u0430\\u043c\\u0438! \\u041f\\u0440\\u0438\\u0441\\u0442\\u0443\\u043f\\u0430\\u0435\\u043c \\u043a \\u0432\\u044b\\u043a\\u043b\\u0430\\u0434\\u044b\\u0432\\u0430\\u043d\\u0438\\u044e","entities":[{"offset":9,"length":10,"type":"code"}]}}''
2023-11-18 11:29:28,362 DEBUG: Request: method=post url=https://api.telegram.org/bot6432599280:{TOKEN}/sendMessage params={'chat_id': '146327272', 'text': 'Контракт <code>1c81d5673d</code> был принят администраторами! Приступаем к выкладыванию', 'parse_mode': 'html'} files=None
2023-11-18 11:29:28,540 DEBUG: The server returned: 'b'{"ok":true,"result":{"message_id":5015,"from":{"id":6432599280,"is_bot":true,"first_name":"Monopoly Bot","username":"monopolycontractbot"},"chat":{"id":146327272,"first_name":"Artem","last_name":"Tkachenko","username":"Xipsin","type":"private"},"date":1700296170,"text":"\\u041a\\u043e\\u043d\\u0442\\u0440\\u0430\\u043a\\u0442 1c81d5673d \\u0431\\u044b\\u043b \\u043f\\u0440\\u0438\\u043d\\u044f\\u0442 \\u0430\\u0434\\u043c\\u0438\\u043d\\u0438\\u0441\\u0442\\u0440\\u0430\\u0442\\u043e\\u0440\\u0430\\u043c\\u0438! \\u041f\\u0440\\u0438\\u0441\\u0442\\u0443\\u043f\\u0430\\u0435\\u043c \\u043a \\u0432\\u044b\\u043a\\u043b\\u0430\\u0434\\u044b\\u0432\\u0430\\u043d\\u0438\\u044e","entities":[{"offset":9,"length":10,"type":"code"}]}}''
2023-11-18 11:29:28,540 DEBUG: Request: method=post url=https://api.telegram.org/bot6432599280:{TOKEN}/sendMessage params={'chat_id': '-1001558266063', 'text': '#контракт\n\n#Тест1 #тест2 #тест3 \n\nСтатус контракта:\n\U0001f634Ожидает своего исполнителя\n\n<b>Тип:</b>\nОдноразовый\n\n<b>ТЗ:</b>\nЭто одноразовый контракт\n\n<b>Срок выполнения:</b>\n2023-12-18 00:00\n\n<b>Стоимость:</b>\n2500 BMC\n\n', 'parse_mode': 'html'} files=None
2023-11-18 11:29:28,750 DEBUG: The server returned: 'b'{"ok":true,"result":{"message_id":121,"sender_chat":{"id":-1001558266063,"title":"z4eb4lo DEV.","username":"z4eb4lo_dev","type":"channel"},"chat":{"id":-1001558266063,"title":"z4eb4lo DEV.","username":"z4eb4lo_dev","type":"channel"},"date":1700296170,"text":"#\\u043a\\u043e\\u043d\\u0442\\u0440\\u0430\\u043a\\u0442\\n\\n#\\u0422\\u0435\\u0441\\u04421 #\\u0442\\u0435\\u0441\\u04422 #\\u0442\\u0435\\u0441\\u04423 \\n\\n\\u0421\\u0442\\u0430\\u0442\\u0443\\u0441 \\u043a\\u043e\\u043d\\u0442\\u0440\\u0430\\u043a\\u0442\\u0430:\\n\\ud83d\\ude34\\u041e\\u0436\\u0438\\u0434\\u0430\\u0435\\u0442 \\u0441\\u0432\\u043e\\u0435\\u0433\\u043e \\u0438\\u0441\\u043f\\u043e\\u043b\\u043d\\u0438\\u0442\\u0435\\u043b\\u044f\\n\\n\\u0422\\u0438\\u043f:\\n\\u041e\\u0434\\u043d\\u043e\\u0440\\u0430\\u0437\\u043e\\u0432\\u044b\\u0439\\n\\n\\u0422\\u0417:\\n\\u042d\\u0442\\u043e \\u043e\\u0434\\u043d\\u043e\\u0440\\u0430\\u0437\\u043e\\u0432\\u044b\\u0439 \\u043a\\u043e\\u043d\\u0442\\u0440\\u0430\\u043a\\u0442\\n\\n\\u0421\\u0440\\u043e\\u043a \\u0432\\u044b\\u043f\\u043e\\u043b\\u043d\\u0435\\u043d\\u0438\\u044f:\\n2023-12-18 00:00\\n\\n\\u0421\\u0442\\u043e\\u0438\\u043c\\u043e\\u0441\\u0442\\u044c:\\n2500 BMC","entities":[{"offset":0,"length":9,"type":"hashtag"},{"offset":11,"length":6,"type":"hashtag"},{"offset":18,"length":6,"type":"hashtag"},{"offset":25,"length":6,"type":"hashtag"},{"offset":82,"length":4,"type":"bold"},{"offset":100,"length":3,"type":"bold"},{"offset":130,"length":16,"type":"bold"},{"offset":165,"length":10,"type":"bold"}]}}''
2023-11-18 11:29:28,750 INFO: Контракт 1c81d5673d был принят администраторами
2023-11-18 11:29:28,751 DEBUG: Request: method=post url=https://api.telegram.org/bot6432599280:{TOKEN}/editMessageText params={'text': '#контракт\n\n#Тест1 #тест2 #тест3 \n\nСтатус контракта:\n\U0001f634Ожидает своего исполнителя\n\n<b>Тип:</b>\nОдноразовый\n\n<b>ТЗ:</b>\nЭто одноразовый контракт\n\n<b>Срок выполнения:</b>\n2023-12-18 00:00\n\n<b>Стоимость:</b>\n2500 BMC\n\n', 'chat_id': -1001558266063, 'message_id': 121, 'parse_mode': 'html', 'reply_markup': '{"inline_keyboard": [[{"text": "\\u041f\\u043e\\u0434\\u043f\\u0438\\u0441\\u0430\\u0442\\u044c \\u043a\\u043e\\u043d\\u0442\\u0440\\u0430\\u043a\\u0442", "url": "t.me/monopolycontractbot?start=signonetime1c81d5673d"}]]}'} files=None
2023-11-18 11:29:28,897 DEBUG: The server returned: 'b'{"ok":true,"result":{"message_id":121,"sender_chat":{"id":-1001558266063,"title":"z4eb4lo DEV.","username":"z4eb4lo_dev","type":"channel"},"chat":{"id":-1001558266063,"title":"z4eb4lo DEV.","username":"z4eb4lo_dev","type":"channel"},"date":1700296170,"edit_date":1700296170,"text":"#\\u043a\\u043e\\u043d\\u0442\\u0440\\u0430\\u043a\\u0442\\n\\n#\\u0422\\u0435\\u0441\\u04421 #\\u0442\\u0435\\u0441\\u04422 #\\u0442\\u0435\\u0441\\u04423 \\n\\n\\u0421\\u0442\\u0430\\u0442\\u0443\\u0441 \\u043a\\u043e\\u043d\\u0442\\u0440\\u0430\\u043a\\u0442\\u0430:\\n\\ud83d\\ude34\\u041e\\u0436\\u0438\\u0434\\u0430\\u0435\\u0442 \\u0441\\u0432\\u043e\\u0435\\u0433\\u043e \\u0438\\u0441\\u043f\\u043e\\u043b\\u043d\\u0438\\u0442\\u0435\\u043b\\u044f\\n\\n\\u0422\\u0438\\u043f:\\n\\u041e\\u0434\\u043d\\u043e\\u0440\\u0430\\u0437\\u043e\\u0432\\u044b\\u0439\\n\\n\\u0422\\u0417:\\n\\u042d\\u0442\\u043e \\u043e\\u0434\\u043d\\u043e\\u0440\\u0430\\u0437\\u043e\\u0432\\u044b\\u0439 \\u043a\\u043e\\u043d\\u0442\\u0440\\u0430\\u043a\\u0442\\n\\n\\u0421\\u0440\\u043e\\u043a \\u0432\\u044b\\u043f\\u043e\\u043b\\u043d\\u0435\\u043d\\u0438\\u044f:\\n2023-12-18 00:00\\n\\n\\u0421\\u0442\\u043e\\u0438\\u043c\\u043e\\u0441\\u0442\\u044c:\\n2500 BMC","entities":[{"offset":0,"length":9,"type":"hashtag"},{"offset":11,"length":6,"type":"hashtag"},{"offset":18,"length":6,"type":"hashtag"},{"offset":25,"length":6,"type":"hashtag"},{"offset":82,"length":4,"type":"bold"},{"offset":100,"length":3,"type":"bold"},{"offset":130,"length":16,"type":"bold"},{"offset":165,"length":10,"type":"bold"}],"reply_markup":{"inline_keyboard":[[{"text":"\\u041f\\u043e\\u0434\\u043f\\u0438\\u0441\\u0430\\u0442\\u044c \\u043a\\u043e\\u043d\\u0442\\u0440\\u0430\\u043a\\u0442","url":"http://t.me/monopolycontractbot?start=signonetime1c81d5673d"}]]}}}''
2023-11-18 11:29:28,977 DEBUG: Task complete
2023-11-18 11:29:47,266 DEBUG: The server returned: 'b'{"ok":true,"result":[]}''
2023-11-18 11:29:47,266 DEBUG: Received 0 new updates
2023-11-18 11:29:47,266 DEBUG: Task complete
2023-11-18 11:29:47,266 DEBUG: Received task
2023-11-18 11:29:47,267 DEBUG: Request: method=get url=https://api.telegram.org/bot6432599280:{TOKEN}/getUpdates params={'offset': 249918627, 'timeout': 20, 'long_polling_timeout': 20} files=None
2023-11-18 11:30:07,357 DEBUG: The server returned: 'b'{"ok":true,"result":[]}''
2023-11-18 11:30:07,357 DEBUG: Received 0 new updates
2023-11-18 11:30:07,357 DEBUG: Task complete
2023-11-18 11:30:07,357 DEBUG: Received task
2023-11-18 11:30:07,359 DEBUG: Request: method=get url=https://api.telegram.org/bot6432599280:{TOKEN}/getUpdates params={'offset': 249918627, 'timeout': 20, 'long_polling_timeout': 20} files=None
2023-11-18 11:30:27,437 DEBUG: The server returned: 'b'{"ok":true,"result":[]}''
2023-11-18 11:30:27,437 DEBUG: Received 0 new updates
2023-11-18 11:30:27,437 DEBUG: Task complete
2023-11-18 11:30:27,437 DEBUG: Received task
2023-11-18 11:30:27,438 DEBUG: Request: method=get url=https://api.telegram.org/bot6432599280:{TOKEN}/getUpdates params={'offset': 249918627, 'timeout': 20, 'long_polling_timeout': 20} files=None
2023-11-18 11:30:47,524 DEBUG: The server returned: 'b'{"ok":true,"result":[]}''
2023-11-18 11:30:47,524 DEBUG: Received 0 new updates
2023-11-18 11:30:47,524 DEBUG: Task complete
2023-11-18 11:30:47,524 DEBUG: Received task
2023-11-18 11:30:47,525 DEBUG: Request: method=get url=https://api.telegram.org/bot6432599280:{TOKEN}/getUpdates params={'offset': 249918627, 'timeout': 20, 'long_polling_timeout': 20} files=None
2023-11-18 11:31:05,562 DEBUG: The server returned: 'b'{"ok":true,"result":[{"update_id":249918627,\n"message":{"message_id":5016,"from":{"id":487545908,"is_bot":false,"first_name":"\\u1160\\u0437\\u0438\\u0431\\u043b\\u043e","username":"z4eb4lo","language_code":"ru","is_premium":true},"chat":{"id":487545908,"first_name":"\\u1160\\u0437\\u0438\\u0431\\u043b\\u043e","username":"z4eb4lo","type":"private"},"date":1700296267,"text":"/contracts","entities":[{"offset":0,"length":10,"type":"bot_command"}]}}]}''
2023-11-18 11:31:05,562 DEBUG: Received 1 new updates
2023-11-18 11:31:05,562 DEBUG: Task complete
2023-11-18 11:31:05,562 DEBUG: Received task
2023-11-18 11:31:05,564 DEBUG: Received task
2023-11-18 11:31:05,564 DEBUG: Request: method=get url=https://api.telegram.org/bot6432599280:{TOKEN}/getUpdates params={'offset': 249918628, 'timeout': 20, 'long_polling_timeout': 20} files=None
2023-11-18 11:31:05,564 DEBUG: Request: method=post url=https://api.telegram.org/bot6432599280:{TOKEN}/sendMessage params={'chat_id': '487545908', 'text': 'ID контракта: <code>1c81d5673d</code>\nИмя контракта: None\n\nID контракта: <code>f049b1151b</code>\nИмя контракта: None\n\nЧтобы посмотреть контракт, используйте <code>/showcon</code> {ID}\nЧтобы посмотреть лог, используйте   <code>/logcon</code> {ID}', 'reply_markup': '{"inline_keyboard": [[{"text": "\\u041f\\u0440\\u0435\\u0434\\u044b\\u0434\\u0443\\u0449\\u0438\\u0439", "callback_data": "invprev_-1"}, {"text": "1/1", "callback_data": "123"}, {"text": "\\u0421\\u043b\\u0435\\u0434\\u0443\\u044e\\u0449\\u0438\\u0439", "callback_data": "invnext_1"}], [{"text": "\\u041f\\u043e\\u0438\\u0441\\u043a \\u043f\\u043e \\u043d\\u0430\\u0437\\u0432\\u0430\\u043d\\u0438\\u044e", "callback_data": "invsearch_name"}], [{"text": "\\u041f\\u043e\\u0438\\u0441\\u043a \\u043f\\u043e \\u0441\\u043e\\u0434\\u0435\\u0440\\u0436\\u0430\\u043d\\u0438\\u044e \\u043a\\u043e\\u043d\\u0442\\u0440\\u0430\\u043a\\u0442\\u0430", "callback_data": "invsearch_by_message"}]]}', 'parse_mode': 'html'} files=None
2023-11-18 11:31:05,701 DEBUG: The server returned: 'b'{"ok":true,"result":{"message_id":5017,"from":{"id":6432599280,"is_bot":true,"first_name":"Monopoly Bot","username":"monopolycontractbot"},"chat":{"id":487545908,"first_name":"\\u1160\\u0437\\u0438\\u0431\\u043b\\u043e","username":"z4eb4lo","type":"private"},"date":1700296267,"text":"ID \\u043a\\u043e\\u043d\\u0442\\u0440\\u0430\\u043a\\u0442\\u0430: 1c81d5673d\\n\\u0418\\u043c\\u044f \\u043a\\u043e\\u043d\\u0442\\u0440\\u0430\\u043a\\u0442\\u0430: None\\n\\nID \\u043a\\u043e\\u043d\\u0442\\u0440\\u0430\\u043a\\u0442\\u0430: f049b1151b\\n\\u0418\\u043c\\u044f \\u043a\\u043e\\u043d\\u0442\\u0440\\u0430\\u043a\\u0442\\u0430: None\\n\\n\\u0427\\u0442\\u043e\\u0431\\u044b \\u043f\\u043e\\u0441\\u043c\\u043e\\u0442\\u0440\\u0435\\u0442\\u044c \\u043a\\u043e\\u043d\\u0442\\u0440\\u0430\\u043a\\u0442, \\u0438\\u0441\\u043f\\u043e\\u043b\\u044c\\u0437\\u0443\\u0439\\u0442\\u0435 /showcon {ID}\\n\\u0427\\u0442\\u043e\\u0431\\u044b \\u043f\\u043e\\u0441\\u043c\\u043e\\u0442\\u0440\\u0435\\u0442\\u044c \\u043b\\u043e\\u0433, \\u0438\\u0441\\u043f\\u043e\\u043b\\u044c\\u0437\\u0443\\u0439\\u0442\\u0435   /logcon {ID}","entities":[{"offset":14,"length":10,"type":"code"},{"offset":60,"length":10,"type":"code"},{"offset":131,"length":8,"type":"code"},{"offset":181,"length":7,"type":"code"}],"reply_markup":{"inline_keyboard":[[{"text":"\\u041f\\u0440\\u0435\\u0434\\u044b\\u0434\\u0443\\u0449\\u0438\\u0439","callback_data":"invprev_-1"},{"text":"1/1","callback_data":"123"},{"text":"\\u0421\\u043b\\u0435\\u0434\\u0443\\u044e\\u0449\\u0438\\u0439","callback_data":"invnext_1"}],[{"text":"\\u041f\\u043e\\u0438\\u0441\\u043a \\u043f\\u043e \\u043d\\u0430\\u0437\\u0432\\u0430\\u043d\\u0438\\u044e","callback_data":"invsearch_name"}],[{"text":"\\u041f\\u043e\\u0438\\u0441\\u043a \\u043f\\u043e \\u0441\\u043e\\u0434\\u0435\\u0440\\u0436\\u0430\\u043d\\u0438\\u044e \\u043a\\u043e\\u043d\\u0442\\u0440\\u0430\\u043a\\u0442\\u0430","callback_data":"invsearch_by_message"}]]}}}''
2023-11-18 11:31:05,701 DEBUG: Task complete
2023-11-18 11:31:25,645 DEBUG: The server returned: 'b'{"ok":true,"result":[]}''
2023-11-18 11:31:25,645 DEBUG: Received 0 new updates
2023-11-18 11:31:25,645 DEBUG: Task complete
2023-11-18 11:31:25,645 DEBUG: Received task
2023-11-18 11:31:25,645 DEBUG: Request: method=get url=https://api.telegram.org/bot6432599280:{TOKEN}/getUpdates params={'offset': 249918628, 'timeout': 20, 'long_polling_timeout': 20} files=None
2023-11-18 11:31:45,716 DEBUG: The server returned: 'b'{"ok":true,"result":[]}''
2023-11-18 11:31:45,716 DEBUG: Received 0 new updates
2023-11-18 11:31:45,716 DEBUG: Task complete
2023-11-18 11:31:45,716 DEBUG: Received task
2023-11-18 11:31:45,716 DEBUG: Request: method=get url=https://api.telegram.org/bot6432599280:{TOKEN}/getUpdates params={'offset': 249918628, 'timeout': 20, 'long_polling_timeout': 20} files=None
2023-11-18 11:32:05,792 DEBUG: The server returned: 'b'{"ok":true,"result":[]}''
2023-11-18 11:32:05,792 DEBUG: Received 0 new updates
2023-11-18 11:32:05,792 DEBUG: Task complete
2023-11-18 11:32:05,792 DEBUG: Received task
2023-11-18 11:32:05,792 DEBUG: Request: method=get url=https://api.telegram.org/bot6432599280:{TOKEN}/getUpdates params={'offset': 249918628, 'timeout': 20, 'long_polling_timeout': 20} files=None
2023-11-18 11:32:06,331 DEBUG: The server returned: 'b'{"ok":true,"result":[{"update_id":249918628,\n"message":{"message_id":5018,"from":{"id":487545908,"is_bot":false,"first_name":"\\u1160\\u0437\\u0438\\u0431\\u043b\\u043e","username":"z4eb4lo","language_code":"ru","is_premium":true},"chat":{"id":487545908,"first_name":"\\u1160\\u0437\\u0438\\u0431\\u043b\\u043e","username":"z4eb4lo","type":"private"},"date":1700296327,"text":"/logcon f049b1151b","entities":[{"offset":0,"length":7,"type":"bot_command"}]}}]}''
2023-11-18 11:32:06,331 DEBUG: Received 1 new updates
2023-11-18 11:32:06,331 DEBUG: Task complete
2023-11-18 11:32:06,331 DEBUG: Received task
2023-11-18 11:32:06,332 DEBUG: Received task
2023-11-18 11:32:06,332 DEBUG: Request: method=get url=https://api.telegram.org/bot6432599280:{TOKEN}/getUpdates params={'offset': 249918629, 'timeout': 20, 'long_polling_timeout': 20} files=None
2023-11-18 11:32:06,344 DEBUG: Request: method=post url=https://api.telegram.org/bot6432599280:{TOKEN}/sendDocument params={'chat_id': 487545908, 'caption': 'Лог контракта №f049b1151b'} files={'document': <_io.TextIOWrapper name='log/f049b1151b_log.log' mode='r' encoding='cp1251'>}
2023-11-18 11:32:06,546 DEBUG: The server returned: 'b'{"ok":true,"result":{"message_id":5019,"from":{"id":6432599280,"is_bot":true,"first_name":"Monopoly Bot","username":"monopolycontractbot"},"chat":{"id":487545908,"first_name":"\\u1160\\u0437\\u0438\\u0431\\u043b\\u043e","username":"z4eb4lo","type":"private"},"date":1700296328,"document":{"file_name":"f049b1151b_log.log","mime_type":"text/plain","file_id":"BQACAgIAAxkDAAITm2VYdojZAwTm7uxAAvWYzCNV99ZjAAIiOAAC3YbISkONM6vXzriNMwQ","file_unique_id":"AgADIjgAAt2GyEo","file_size":25166},"caption":"\\u041b\\u043e\\u0433 \\u043a\\u043e\\u043d\\u0442\\u0440\\u0430\\u043a\\u0442\\u0430 \\u2116f049b1151b"}}''
2023-11-18 11:32:06,546 DEBUG: Task complete
2023-11-18 11:32:26,409 DEBUG: The server returned: 'b'{"ok":true,"result":[]}''
2023-11-18 11:32:26,409 DEBUG: Received 0 new updates
2023-11-18 11:32:26,409 DEBUG: Task complete
2023-11-18 11:32:26,409 DEBUG: Received task
2023-11-18 11:32:26,410 DEBUG: Request: method=get url=https://api.telegram.org/bot6432599280:{TOKEN}/getUpdates params={'offset': 249918629, 'timeout': 20, 'long_polling_timeout': 20} files=None
2023-11-18 11:32:31,446 DEBUG: The server returned: 'b'{"ok":true,"result":[{"update_id":249918629,\n"message":{"message_id":5020,"from":{"id":487545908,"is_bot":false,"first_name":"\\u1160\\u0437\\u0438\\u0431\\u043b\\u043e","username":"z4eb4lo","language_code":"ru","is_premium":true},"chat":{"id":487545908,"first_name":"\\u1160\\u0437\\u0438\\u0431\\u043b\\u043e","username":"z4eb4lo","type":"private"},"date":1700296353,"text":"/showcon f049b1151b","entities":[{"offset":0,"length":8,"type":"bot_command"}]}}]}''
2023-11-18 11:32:31,446 DEBUG: Received 1 new updates
2023-11-18 11:32:31,446 DEBUG: Task complete
2023-11-18 11:32:31,446 DEBUG: Received task
2023-11-18 11:32:31,447 DEBUG: Received task
2023-11-18 11:32:31,447 DEBUG: Request: method=get url=https://api.telegram.org/bot6432599280:{TOKEN}/getUpdates params={'offset': 249918630, 'timeout': 20, 'long_polling_timeout': 20} files=None
2023-11-18 11:32:31,447 DEBUG: Request: method=post url=https://api.telegram.org/bot6432599280:{TOKEN}/sendMessage params={'chat_id': '487545908', 'text': 'Информация о контракте №f049b1151b', 'reply_markup': '{"inline_keyboard": [[{"text": "\\u041f\\u043e\\u0441\\u043c\\u043e\\u0442\\u0440\\u0435\\u0442\\u044c \\u043a\\u043e\\u043d\\u0442\\u0440\\u0430\\u043a\\u0442 f049b1151b", "url": "t.me/monopolycontractbot?start=showcontract_f049b1151b"}]]}'} files=None
2023-11-18 11:32:31,554 DEBUG: The server returned: 'b'{"ok":true,"result":{"message_id":5021,"from":{"id":6432599280,"is_bot":true,"first_name":"Monopoly Bot","username":"monopolycontractbot"},"chat":{"id":487545908,"first_name":"\\u1160\\u0437\\u0438\\u0431\\u043b\\u043e","username":"z4eb4lo","type":"private"},"date":1700296353,"text":"\\u0418\\u043d\\u0444\\u043e\\u0440\\u043c\\u0430\\u0446\\u0438\\u044f \\u043e \\u043a\\u043e\\u043d\\u0442\\u0440\\u0430\\u043a\\u0442\\u0435 \\u2116f049b1151b","reply_markup":{"inline_keyboard":[[{"text":"\\u041f\\u043e\\u0441\\u043c\\u043e\\u0442\\u0440\\u0435\\u0442\\u044c \\u043a\\u043e\\u043d\\u0442\\u0440\\u0430\\u043a\\u0442 f049b1151b","url":"http://t.me/monopolycontractbot?start=showcontract_f049b1151b"}]]}}}''
2023-11-18 11:32:31,554 DEBUG: Task complete
2023-11-18 11:32:33,268 DEBUG: The server returned: 'b'{"ok":true,"result":[{"update_id":249918630,\n"message":{"message_id":5022,"from":{"id":487545908,"is_bot":false,"first_name":"\\u1160\\u0437\\u0438\\u0431\\u043b\\u043e","username":"z4eb4lo","language_code":"ru","is_premium":true},"chat":{"id":487545908,"first_name":"\\u1160\\u0437\\u0438\\u0431\\u043b\\u043e","username":"z4eb4lo","type":"private"},"date":1700296354,"text":"/start showcontract_f049b1151b","entities":[{"offset":0,"length":6,"type":"bot_command"}]}}]}''
2023-11-18 11:32:33,268 DEBUG: Received 1 new updates
2023-11-18 11:32:33,268 DEBUG: Task complete
2023-11-18 11:32:33,268 DEBUG: Received task
2023-11-18 11:32:33,269 DEBUG: Request: method=get url=https://api.telegram.org/bot6432599280:{TOKEN}/getChat params={'chat_id': 487545908} files=None
2023-11-18 11:32:33,269 DEBUG: Received task
2023-11-18 11:32:33,269 DEBUG: Request: method=get url=https://api.telegram.org/bot6432599280:{TOKEN}/getUpdates params={'offset': 249918631, 'timeout': 20, 'long_polling_timeout': 20} files=None
2023-11-18 11:32:33,398 DEBUG: The server returned: 'b'{"ok":true,"result":{"id":487545908,"first_name":"\\u1160\\u0437\\u0438\\u0431\\u043b\\u043e","username":"z4eb4lo","type":"private","active_usernames":["z4eb4lo"],"emoji_status_custom_emoji_id":"5256041592271157291","bio":"@valorantcard","has_private_forwards":true,"photo":{"small_file_id":"AQADAgADC6gxGzRcDx0ACAIAAzRcDx0ABOk-tDPsdmd2MwQ","small_file_unique_id":"AQADC6gxGzRcDx0AAQ","big_file_id":"AQADAgADC6gxGzRcDx0ACAMAAzRcDx0ABOk-tDPsdmd2MwQ","big_file_unique_id":"AQADC6gxGzRcDx0B"}}}''
2023-11-18 11:32:33,398 DEBUG: Request: method=post url=https://api.telegram.org/bot6432599280:{TOKEN}/sendMessage params={'chat_id': '487545908', 'text': 'Номер контракта: <code>f049b1151b</code>\n___________________________\n#контракт\n\n#Тест4 #тест5 #тест6 \n\nСтатус контракта:\n\U0001f634Ожидает своего исполнителя\n\n<b>Тип:</b>\nКонкурс\n\n<b>ТЗ:</b>\nЭто конкурс\n\n<b>Срок выполнения:</b>\n2023-11-25 00:00\n\n<b>Стоимость:</b>\n5000 BMC\n\n', 'parse_mode': 'html'} files=None
2023-11-18 11:32:33,620 DEBUG: The server returned: 'b'{"ok":true,"result":{"message_id":5023,"from":{"id":6432599280,"is_bot":true,"first_name":"Monopoly Bot","username":"monopolycontractbot"},"chat":{"id":487545908,"first_name":"\\u1160\\u0437\\u0438\\u0431\\u043b\\u043e","username":"z4eb4lo","type":"private"},"date":1700296355,"text":"\\u041d\\u043e\\u043c\\u0435\\u0440 \\u043a\\u043e\\u043d\\u0442\\u0440\\u0430\\u043a\\u0442\\u0430: f049b1151b\\n___________________________\\n#\\u043a\\u043e\\u043d\\u0442\\u0440\\u0430\\u043a\\u0442\\n\\n#\\u0422\\u0435\\u0441\\u04424 #\\u0442\\u0435\\u0441\\u04425 #\\u0442\\u0435\\u0441\\u04426 \\n\\n\\u0421\\u0442\\u0430\\u0442\\u0443\\u0441 \\u043a\\u043e\\u043d\\u0442\\u0440\\u0430\\u043a\\u0442\\u0430:\\n\\ud83d\\ude34\\u041e\\u0436\\u0438\\u0434\\u0430\\u0435\\u0442 \\u0441\\u0432\\u043e\\u0435\\u0433\\u043e \\u0438\\u0441\\u043f\\u043e\\u043b\\u043d\\u0438\\u0442\\u0435\\u043b\\u044f\\n\\n\\u0422\\u0438\\u043f:\\n\\u041a\\u043e\\u043d\\u043a\\u0443\\u0440\\u0441\\n\\n\\u0422\\u0417:\\n\\u042d\\u0442\\u043e \\u043a\\u043e\\u043d\\u043a\\u0443\\u0440\\u0441\\n\\n\\u0421\\u0440\\u043e\\u043a \\u0432\\u044b\\u043f\\u043e\\u043b\\u043d\\u0435\\u043d\\u0438\\u044f:\\n2023-11-25 00:00\\n\\n\\u0421\\u0442\\u043e\\u0438\\u043c\\u043e\\u0441\\u0442\\u044c:\\n5000 BMC","entities":[{"offset":17,"length":10,"type":"code"},{"offset":56,"length":9,"type":"hashtag"},{"offset":67,"length":6,"type":"hashtag"},{"offset":74,"length":6,"type":"hashtag"},{"offset":81,"length":6,"type":"hashtag"},{"offset":138,"length":4,"type":"bold"},{"offset":152,"length":3,"type":"bold"},{"offset":169,"length":16,"type":"bold"},{"offset":204,"length":10,"type":"bold"}]}}''
2023-11-18 11:32:33,620 DEBUG: Task complete
2023-11-18 11:32:53,349 DEBUG: The server returned: 'b'{"ok":true,"result":[]}''
2023-11-18 11:32:53,349 DEBUG: Received 0 new updates
2023-11-18 11:32:53,349 DEBUG: Task complete
2023-11-18 11:32:53,349 DEBUG: Received task
2023-11-18 11:32:53,350 DEBUG: Request: method=get url=https://api.telegram.org/bot6432599280:{TOKEN}/getUpdates params={'offset': 249918631, 'timeout': 20, 'long_polling_timeout': 20} files=None
